#
# There is insufficient memory for the Java Runtime Environment to continue.
# Native memory allocation (malloc) failed to allocate 432736 bytes for Chunk::new
# Possible reasons:
#   The system is out of physical RAM or swap space
#   The process is running with CompressedOops enabled, and the Java Heap may be blocking the growth of the native heap
# Possible solutions:
#   Reduce memory load on the system
#   Increase physical memory or swap space
#   Check if swap backing store is full
#   Decrease Java heap size (-Xmx/-Xms)
#   Decrease number of Java threads
#   Decrease Java thread stack sizes (-Xss)
#   Set larger code cache with -XX:ReservedCodeCacheSize=
#   JVM is running with Zero Based Compressed Oops mode in which the Java heap is
#     placed in the first 32GB address space. The Java Heap base address is the
#     maximum limit for the native heap growth. Please use -XX:HeapBaseMinAddress
#     to set the Java Heap base and to place the Java Heap above 32GB virtual address.
# This output file may be truncated or incomplete.
#
#  Out of Memory Error (./src/hotspot/share/memory/arena.cpp:197), pid=15948, tid=11272
#
# JRE version: OpenJDK Runtime Environment Temurin-11.0.16.1+1 (11.0.16.1+1) (build 11.0.16.1+1)
# Java VM: OpenJDK 64-Bit Server VM Temurin-11.0.16.1+1 (11.0.16.1+1, mixed mode, tiered, compressed oops, g1 gc, windows-amd64)
# No core dump will be written. Minidumps are not enabled by default on client versions of Windows
#

---------------  S U M M A R Y ------------

Command Line: -javaagent:C:\Program Files\JetBrains\IntelliJ IDEA Community Edition 2023.2.3\lib\idea_rt.jar=59023:C:\Program Files\JetBrains\IntelliJ IDEA Community Edition 2023.2.3\bin -Dfile.encoding=UTF-8 pawpals_db.Main

Host: 11th Gen Intel(R) Core(TM) i7-1165G7 @ 2.80GHz, 8 cores, 15G,  Windows 10 , 64 bit Build 19041 (10.0.19041.3570)
Time: Tue Nov 28 12:06:12 2023 Central Standard Time elapsed time: 130.202716 seconds (0d 0h 2m 10s)

---------------  T H R E A D  ---------------

Current thread (0x0000029f06033000):  JavaThread "C2 CompilerThread0" daemon [_thread_in_native, id=11272, stack(0x000000b289b00000,0x000000b289c00000)]


Current CompileTask:
C2: 130202 7718 % !   4       com.mysql.cj.ParseInfo::<init> @ 201 (1255 bytes)

Stack: [0x000000b289b00000,0x000000b289c00000]
Native frames: (J=compiled Java code, j=interpreted, Vv=VM code, C=native code)
V  [jvm.dll+0x61f18a]
V  [jvm.dll+0x7abb09]
V  [jvm.dll+0x7ad1f8]
V  [jvm.dll+0x7ad8d3]
V  [jvm.dll+0x24fc38]
V  [jvm.dll+0xc262c]
V  [jvm.dll+0xc2bec]
V  [jvm.dll+0x2c1ab4]
V  [jvm.dll+0x52e12c]
V  [jvm.dll+0x2087f6]
V  [jvm.dll+0x20a89c]
V  [jvm.dll+0x207f6b]
V  [jvm.dll+0x18a3a1]
V  [jvm.dll+0x2178e4]
V  [jvm.dll+0x215b2b]
V  [jvm.dll+0x76e610]
V  [jvm.dll+0x767544]
V  [jvm.dll+0x61dff5]
C  [ucrtbase.dll+0x21bb2]
C  [KERNEL32.DLL+0x17344]
C  [ntdll.dll+0x526b1]


---------------  P R O C E S S  ---------------

Threads class SMR info:
_java_thread_list=0x0000029f070f8910, length=29, elements={
0x0000029f05fc2000, 0x0000029f05fcd000, 0x0000029f06028800, 0x0000029f0602b800,
0x0000029f06031000, 0x0000029f06033000, 0x0000029f06034800, 0x0000029f06041000,
0x0000029f061b6800, 0x0000029f06331800, 0x0000029f08fa5800, 0x0000029f0ae63800,
0x0000029f0ab18800, 0x0000029f0ad8f000, 0x0000029f076f8000, 0x0000029f0af0b800,
0x0000029f0af0c000, 0x0000029f0af0e000, 0x0000029f0af0d000, 0x0000029f0af08000,
0x0000029f0af0e800, 0x0000029f0af09000, 0x0000029f0af09800, 0x0000029f0af0a800,
0x0000029f0eda8000, 0x0000029f0edab800, 0x0000029f0edaa800, 0x0000029f0edad000,
0x0000029f0eda9800
}

Java Threads: ( => current thread )
  0x0000029f05fc2000 JavaThread "Reference Handler" daemon [_thread_blocked, id=19240, stack(0x000000b289600000,0x000000b289700000)]
  0x0000029f05fcd000 JavaThread "Finalizer" daemon [_thread_blocked, id=3780, stack(0x000000b289700000,0x000000b289800000)]
  0x0000029f06028800 JavaThread "Signal Dispatcher" daemon [_thread_blocked, id=9572, stack(0x000000b289800000,0x000000b289900000)]
  0x0000029f0602b800 JavaThread "Attach Listener" daemon [_thread_blocked, id=24104, stack(0x000000b289900000,0x000000b289a00000)]
  0x0000029f06031000 JavaThread "Service Thread" daemon [_thread_blocked, id=22752, stack(0x000000b289a00000,0x000000b289b00000)]
=>0x0000029f06033000 JavaThread "C2 CompilerThread0" daemon [_thread_in_native, id=11272, stack(0x000000b289b00000,0x000000b289c00000)]
  0x0000029f06034800 JavaThread "C1 CompilerThread0" daemon [_thread_blocked, id=13660, stack(0x000000b289c00000,0x000000b289d00000)]
  0x0000029f06041000 JavaThread "Sweeper thread" daemon [_thread_blocked, id=5004, stack(0x000000b289d00000,0x000000b289e00000)]
  0x0000029f061b6800 JavaThread "Common-Cleaner" daemon [_thread_blocked, id=23164, stack(0x000000b289e00000,0x000000b289f00000)]
  0x0000029f06331800 JavaThread "Monitor Ctrl-Break" daemon [_thread_in_native, id=4400, stack(0x000000b28a000000,0x000000b28a100000)]
  0x0000029f08fa5800 JavaThread "Catalina-utility-1" [_thread_blocked, id=18872, stack(0x000000b289f00000,0x000000b28a000000)]
  0x0000029f0ae63800 JavaThread "Catalina-utility-2" [_thread_blocked, id=17508, stack(0x000000b28a700000,0x000000b28a800000)]
  0x0000029f0ab18800 JavaThread "container-0" [_thread_blocked, id=11828, stack(0x000000b28a900000,0x000000b28aa00000)]
  0x0000029f0ad8f000 JavaThread "mysql-cj-abandoned-connection-cleanup" daemon [_thread_blocked, id=16784, stack(0x000000b28aa00000,0x000000b28ab00000)]
  0x0000029f076f8000 JavaThread "HikariPool-1 housekeeper" daemon [_thread_blocked, id=24040, stack(0x000000b28ac00000,0x000000b28ad00000)]
  0x0000029f0af0b800 JavaThread "http-nio-8080-BlockPoller" daemon [_thread_in_native, id=8920, stack(0x000000b28b100000,0x000000b28b200000)]
  0x0000029f0af0c000 JavaThread "http-nio-8080-exec-1" daemon [_thread_blocked, id=20420, stack(0x000000b28b200000,0x000000b28b300000)]
  0x0000029f0af0e000 JavaThread "http-nio-8080-exec-2" daemon [_thread_blocked, id=12284, stack(0x000000b28b300000,0x000000b28b400000)]
  0x0000029f0af0d000 JavaThread "http-nio-8080-exec-3" daemon [_thread_blocked, id=23924, stack(0x000000b28b400000,0x000000b28b500000)]
  0x0000029f0af08000 JavaThread "http-nio-8080-exec-4" daemon [_thread_blocked, id=7980, stack(0x000000b28b500000,0x000000b28b600000)]
  0x0000029f0af0e800 JavaThread "http-nio-8080-exec-5" daemon [_thread_blocked, id=20816, stack(0x000000b28b600000,0x000000b28b700000)]
  0x0000029f0af09000 JavaThread "http-nio-8080-exec-6" daemon [_thread_blocked, id=22468, stack(0x000000b28b700000,0x000000b28b800000)]
  0x0000029f0af09800 JavaThread "http-nio-8080-exec-7" daemon [_thread_blocked, id=13400, stack(0x000000b28b800000,0x000000b28b900000)]
  0x0000029f0af0a800 JavaThread "http-nio-8080-exec-8" daemon [_thread_blocked, id=16388, stack(0x000000b28b900000,0x000000b28ba00000)]
  0x0000029f0eda8000 JavaThread "http-nio-8080-exec-9" daemon [_thread_blocked, id=16248, stack(0x000000b28ba00000,0x000000b28bb00000)]
  0x0000029f0edab800 JavaThread "http-nio-8080-exec-10" daemon [_thread_blocked, id=22836, stack(0x000000b28bb00000,0x000000b28bc00000)]
  0x0000029f0edaa800 JavaThread "http-nio-8080-ClientPoller" daemon [_thread_in_native, id=15368, stack(0x000000b28bc00000,0x000000b28bd00000)]
  0x0000029f0edad000 JavaThread "http-nio-8080-Acceptor" daemon [_thread_in_native, id=7236, stack(0x000000b28bd00000,0x000000b28be00000)]
  0x0000029f0eda9800 JavaThread "DestroyJavaVM" [_thread_blocked, id=18704, stack(0x000000b288f00000,0x000000b289000000)]

Other Threads:
  0x0000029f7f6a8000 VMThread "VM Thread" [stack: 0x000000b289500000,0x000000b289600000] [id=20048]
  0x0000029f0633c800 WatcherThread [stack: 0x000000b28a100000,0x000000b28a200000] [id=2796]
  0x0000029f5faa5800 GCTaskThread "GC Thread#0" [stack: 0x000000b289000000,0x000000b289100000] [id=16064]
  0x0000029f06ec8800 GCTaskThread "GC Thread#1" [stack: 0x000000b28a200000,0x000000b28a300000] [id=11184]
  0x0000029f06dee800 GCTaskThread "GC Thread#2" [stack: 0x000000b28a300000,0x000000b28a400000] [id=9840]
  0x0000029f06ea3800 GCTaskThread "GC Thread#3" [stack: 0x000000b28a400000,0x000000b28a500000] [id=21496]
  0x0000029f06f35800 GCTaskThread "GC Thread#4" [stack: 0x000000b28a500000,0x000000b28a600000] [id=13372]
  0x0000029f06f36000 GCTaskThread "GC Thread#5" [stack: 0x000000b28a600000,0x000000b28a700000] [id=22928]
  0x0000029f06203800 GCTaskThread "GC Thread#6" [stack: 0x000000b28ae00000,0x000000b28af00000] [id=10804]
  0x0000029f0ba47800 GCTaskThread "GC Thread#7" [stack: 0x000000b28af00000,0x000000b28b000000] [id=7636]
  0x0000029f5faff000 ConcurrentGCThread "G1 Main Marker" [stack: 0x000000b289100000,0x000000b289200000] [id=7160]
  0x0000029f5fb01000 ConcurrentGCThread "G1 Conc#0" [stack: 0x000000b289200000,0x000000b289300000] [id=14568]
  0x0000029f073bf800 ConcurrentGCThread "G1 Conc#1" [stack: 0x000000b28a800000,0x000000b28a900000] [id=14088]
  0x0000029f7f592800 ConcurrentGCThread "G1 Refine#0" [stack: 0x000000b289300000,0x000000b289400000] [id=19124]
  0x0000029f7f593800 ConcurrentGCThread "G1 Young RemSet Sampling" [stack: 0x000000b289400000,0x000000b289500000] [id=13892]

Threads with active compile tasks:
C2 CompilerThread0   130247 7718 % !   4       com.mysql.cj.ParseInfo::<init> @ 201 (1255 bytes)

VM state:not at safepoint (normal execution)

VM Mutex/Monitor currently owned by a thread: None

Heap address: 0x0000000703200000, size: 4046 MB, Compressed Oops mode: Zero based, Oop shift amount: 3
Narrow klass base: 0x0000000800000000, Narrow klass shift: 0
Compressed class space size: 1073741824 Address: 0x0000000800000000

Heap:
 garbage-first heap   total 312320K, used 78960K [0x0000000703200000, 0x0000000800000000)
  region size 1024K, 65 young (66560K), 15 survivors (15360K)
 Metaspace       used 76990K, capacity 79194K, committed 79260K, reserved 1118208K
  class space    used 9523K, capacity 10413K, committed 10476K, reserved 1048576K
Heap Regions: E=young(eden), S=young(survivor), O=old, HS=humongous(starts), HC=humongous(continues), CS=collection set, F=free, A=archive, TAMS=top-at-mark-start (previous, next)
|   0|0x0000000703200000, 0x0000000703300000, 0x0000000703300000|100%|HS|  |TAMS 0x0000000703300000, 0x0000000703200000| Complete 
|   1|0x0000000703300000, 0x0000000703400000, 0x0000000703400000|100%| O|  |TAMS 0x0000000703400000, 0x0000000703300000| Untracked 
|   2|0x0000000703400000, 0x0000000703500000, 0x0000000703500000|100%| O|  |TAMS 0x0000000703500000, 0x0000000703400000| Untracked 
|   3|0x0000000703500000, 0x0000000703600000, 0x0000000703600000|100%| O|  |TAMS 0x0000000703600000, 0x0000000703500000| Untracked 
|   4|0x0000000703600000, 0x0000000703700000, 0x0000000703700000|100%| O|  |TAMS 0x0000000703700000, 0x0000000703600000| Untracked 
|   5|0x0000000703700000, 0x0000000703800000, 0x0000000703800000|100%| O|  |TAMS 0x0000000703800000, 0x0000000703700000| Untracked 
|   6|0x0000000703800000, 0x0000000703900000, 0x0000000703900000|100%| O|  |TAMS 0x00000007038b3000, 0x0000000703800000| Untracked 
|   7|0x0000000703900000, 0x0000000703a00000, 0x0000000703a00000|100%| O|  |TAMS 0x0000000703900000, 0x0000000703900000| Untracked 
|   8|0x0000000703a00000, 0x0000000703b00000, 0x0000000703b00000|100%| O|  |TAMS 0x0000000703a00000, 0x0000000703a00000| Untracked 
|   9|0x0000000703b00000, 0x0000000703c00000, 0x0000000703c00000|100%| O|  |TAMS 0x0000000703b00000, 0x0000000703b00000| Untracked 
|  10|0x0000000703c00000, 0x0000000703d00000, 0x0000000703d00000|100%| O|  |TAMS 0x0000000703c00000, 0x0000000703c00000| Untracked 
|  11|0x0000000703d00000, 0x0000000703e00000, 0x0000000703e00000|100%| O|  |TAMS 0x0000000703d00000, 0x0000000703d00000| Untracked 
|  12|0x0000000703e00000, 0x0000000703f00000, 0x0000000703f00000|100%| O|  |TAMS 0x0000000703e00000, 0x0000000703e00000| Untracked 
|  13|0x0000000703f00000, 0x0000000704000000, 0x0000000704000000|100%| O|  |TAMS 0x0000000703f00000, 0x0000000703f00000| Untracked 
|  14|0x0000000704000000, 0x000000070401c000, 0x0000000704100000| 10%| O|  |TAMS 0x0000000704000000, 0x0000000704000000| Untracked 
|  15|0x0000000704100000, 0x0000000704100000, 0x0000000704200000|  0%| F|  |TAMS 0x0000000704100000, 0x0000000704100000| Untracked 
|  16|0x0000000704200000, 0x0000000704200000, 0x0000000704300000|  0%| F|  |TAMS 0x0000000704200000, 0x0000000704200000| Untracked 
|  17|0x0000000704300000, 0x0000000704300000, 0x0000000704400000|  0%| F|  |TAMS 0x0000000704300000, 0x0000000704300000| Untracked 
|  18|0x0000000704400000, 0x0000000704400000, 0x0000000704500000|  0%| F|  |TAMS 0x0000000704400000, 0x0000000704400000| Untracked 
|  19|0x0000000704500000, 0x0000000704500000, 0x0000000704600000|  0%| F|  |TAMS 0x0000000704500000, 0x0000000704500000| Untracked 
|  20|0x0000000704600000, 0x0000000704600000, 0x0000000704700000|  0%| F|  |TAMS 0x0000000704600000, 0x0000000704600000| Untracked 
|  21|0x0000000704700000, 0x0000000704700000, 0x0000000704800000|  0%| F|  |TAMS 0x0000000704700000, 0x0000000704700000| Untracked 
|  22|0x0000000704800000, 0x0000000704800000, 0x0000000704900000|  0%| F|  |TAMS 0x0000000704800000, 0x0000000704800000| Untracked 
|  23|0x0000000704900000, 0x0000000704900000, 0x0000000704a00000|  0%| F|  |TAMS 0x0000000704900000, 0x0000000704900000| Untracked 
|  24|0x0000000704a00000, 0x0000000704a00000, 0x0000000704b00000|  0%| F|  |TAMS 0x0000000704a00000, 0x0000000704a00000| Untracked 
|  25|0x0000000704b00000, 0x0000000704b00000, 0x0000000704c00000|  0%| F|  |TAMS 0x0000000704b00000, 0x0000000704b00000| Untracked 
|  26|0x0000000704c00000, 0x0000000704c00000, 0x0000000704d00000|  0%| F|  |TAMS 0x0000000704c00000, 0x0000000704c00000| Untracked 
|  27|0x0000000704d00000, 0x0000000704d00000, 0x0000000704e00000|  0%| F|  |TAMS 0x0000000704d00000, 0x0000000704d00000| Untracked 
|  28|0x0000000704e00000, 0x0000000704e00000, 0x0000000704f00000|  0%| F|  |TAMS 0x0000000704e00000, 0x0000000704e00000| Untracked 
|  29|0x0000000704f00000, 0x0000000704f00000, 0x0000000705000000|  0%| F|  |TAMS 0x0000000704f00000, 0x0000000704f00000| Untracked 
|  30|0x0000000705000000, 0x0000000705000000, 0x0000000705100000|  0%| F|  |TAMS 0x0000000705000000, 0x0000000705000000| Untracked 
|  31|0x0000000705100000, 0x0000000705100000, 0x0000000705200000|  0%| F|  |TAMS 0x0000000705100000, 0x0000000705100000| Untracked 
|  32|0x0000000705200000, 0x0000000705200000, 0x0000000705300000|  0%| F|  |TAMS 0x0000000705200000, 0x0000000705200000| Untracked 
|  33|0x0000000705300000, 0x0000000705300000, 0x0000000705400000|  0%| F|  |TAMS 0x0000000705300000, 0x0000000705300000| Untracked 
|  34|0x0000000705400000, 0x0000000705400000, 0x0000000705500000|  0%| F|  |TAMS 0x0000000705400000, 0x0000000705400000| Untracked 
|  35|0x0000000705500000, 0x0000000705500000, 0x0000000705600000|  0%| F|  |TAMS 0x0000000705500000, 0x0000000705500000| Untracked 
|  36|0x0000000705600000, 0x0000000705600000, 0x0000000705700000|  0%| F|  |TAMS 0x0000000705600000, 0x0000000705600000| Untracked 
|  37|0x0000000705700000, 0x0000000705700000, 0x0000000705800000|  0%| F|  |TAMS 0x0000000705700000, 0x0000000705700000| Untracked 
|  38|0x0000000705800000, 0x0000000705800000, 0x0000000705900000|  0%| F|  |TAMS 0x0000000705800000, 0x0000000705800000| Untracked 
|  39|0x0000000705900000, 0x0000000705900000, 0x0000000705a00000|  0%| F|  |TAMS 0x0000000705900000, 0x0000000705900000| Untracked 
|  40|0x0000000705a00000, 0x0000000705a00000, 0x0000000705b00000|  0%| F|  |TAMS 0x0000000705a00000, 0x0000000705a00000| Untracked 
|  41|0x0000000705b00000, 0x0000000705b00000, 0x0000000705c00000|  0%| F|  |TAMS 0x0000000705b00000, 0x0000000705b00000| Untracked 
|  42|0x0000000705c00000, 0x0000000705c00000, 0x0000000705d00000|  0%| F|  |TAMS 0x0000000705c00000, 0x0000000705c00000| Untracked 
|  43|0x0000000705d00000, 0x0000000705d00000, 0x0000000705e00000|  0%| F|  |TAMS 0x0000000705d00000, 0x0000000705d00000| Untracked 
|  44|0x0000000705e00000, 0x0000000705e00000, 0x0000000705f00000|  0%| F|  |TAMS 0x0000000705e00000, 0x0000000705e00000| Untracked 
|  45|0x0000000705f00000, 0x0000000705f00000, 0x0000000706000000|  0%| F|  |TAMS 0x0000000705f00000, 0x0000000705f00000| Untracked 
|  46|0x0000000706000000, 0x0000000706000000, 0x0000000706100000|  0%| F|  |TAMS 0x0000000706000000, 0x0000000706000000| Untracked 
|  47|0x0000000706100000, 0x0000000706100000, 0x0000000706200000|  0%| F|  |TAMS 0x0000000706100000, 0x0000000706100000| Untracked 
|  48|0x0000000706200000, 0x0000000706200000, 0x0000000706300000|  0%| F|  |TAMS 0x0000000706200000, 0x0000000706200000| Untracked 
|  49|0x0000000706300000, 0x0000000706300000, 0x0000000706400000|  0%| F|  |TAMS 0x0000000706300000, 0x0000000706300000| Untracked 
|  50|0x0000000706400000, 0x0000000706400000, 0x0000000706500000|  0%| F|  |TAMS 0x0000000706400000, 0x0000000706400000| Untracked 
|  51|0x0000000706500000, 0x0000000706500000, 0x0000000706600000|  0%| F|  |TAMS 0x0000000706500000, 0x0000000706500000| Untracked 
|  52|0x0000000706600000, 0x0000000706600000, 0x0000000706700000|  0%| F|  |TAMS 0x0000000706600000, 0x0000000706600000| Untracked 
|  53|0x0000000706700000, 0x0000000706700000, 0x0000000706800000|  0%| F|  |TAMS 0x0000000706700000, 0x0000000706700000| Untracked 
|  54|0x0000000706800000, 0x0000000706800000, 0x0000000706900000|  0%| F|  |TAMS 0x0000000706800000, 0x0000000706800000| Untracked 
|  55|0x0000000706900000, 0x0000000706900000, 0x0000000706a00000|  0%| F|  |TAMS 0x0000000706900000, 0x0000000706900000| Untracked 
|  56|0x0000000706a00000, 0x0000000706a00000, 0x0000000706b00000|  0%| F|  |TAMS 0x0000000706a00000, 0x0000000706a00000| Untracked 
|  57|0x0000000706b00000, 0x0000000706b00000, 0x0000000706c00000|  0%| F|  |TAMS 0x0000000706b00000, 0x0000000706b00000| Untracked 
|  58|0x0000000706c00000, 0x0000000706c00000, 0x0000000706d00000|  0%| F|  |TAMS 0x0000000706c00000, 0x0000000706c00000| Untracked 
|  59|0x0000000706d00000, 0x0000000706d00000, 0x0000000706e00000|  0%| F|  |TAMS 0x0000000706d00000, 0x0000000706d00000| Untracked 
|  60|0x0000000706e00000, 0x0000000706e00000, 0x0000000706f00000|  0%| F|  |TAMS 0x0000000706e00000, 0x0000000706e00000| Untracked 
|  61|0x0000000706f00000, 0x0000000706f00000, 0x0000000707000000|  0%| F|  |TAMS 0x0000000706f00000, 0x0000000706f00000| Untracked 
|  62|0x0000000707000000, 0x0000000707000000, 0x0000000707100000|  0%| F|  |TAMS 0x0000000707000000, 0x0000000707000000| Untracked 
|  63|0x0000000707100000, 0x0000000707100000, 0x0000000707200000|  0%| F|  |TAMS 0x0000000707100000, 0x0000000707100000| Untracked 
|  64|0x0000000707200000, 0x0000000707200000, 0x0000000707300000|  0%| F|  |TAMS 0x0000000707200000, 0x0000000707200000| Untracked 
|  65|0x0000000707300000, 0x0000000707300000, 0x0000000707400000|  0%| F|  |TAMS 0x0000000707300000, 0x0000000707300000| Untracked 
|  66|0x0000000707400000, 0x0000000707400000, 0x0000000707500000|  0%| F|  |TAMS 0x0000000707400000, 0x0000000707400000| Untracked 
|  67|0x0000000707500000, 0x0000000707500000, 0x0000000707600000|  0%| F|  |TAMS 0x0000000707500000, 0x0000000707500000| Untracked 
|  68|0x0000000707600000, 0x0000000707600000, 0x0000000707700000|  0%| F|  |TAMS 0x0000000707600000, 0x0000000707600000| Untracked 
|  69|0x0000000707700000, 0x0000000707700000, 0x0000000707800000|  0%| F|  |TAMS 0x0000000707700000, 0x0000000707700000| Untracked 
|  70|0x0000000707800000, 0x0000000707800000, 0x0000000707900000|  0%| F|  |TAMS 0x0000000707800000, 0x0000000707800000| Untracked 
|  71|0x0000000707900000, 0x0000000707900000, 0x0000000707a00000|  0%| F|  |TAMS 0x0000000707900000, 0x0000000707900000| Untracked 
|  72|0x0000000707a00000, 0x0000000707a00000, 0x0000000707b00000|  0%| F|  |TAMS 0x0000000707a00000, 0x0000000707a00000| Untracked 
|  73|0x0000000707b00000, 0x0000000707b00000, 0x0000000707c00000|  0%| F|  |TAMS 0x0000000707b00000, 0x0000000707b00000| Untracked 
|  74|0x0000000707c00000, 0x0000000707c00000, 0x0000000707d00000|  0%| F|  |TAMS 0x0000000707c00000, 0x0000000707c00000| Untracked 
|  75|0x0000000707d00000, 0x0000000707d00000, 0x0000000707e00000|  0%| F|  |TAMS 0x0000000707d00000, 0x0000000707d00000| Untracked 
|  76|0x0000000707e00000, 0x0000000707e00000, 0x0000000707f00000|  0%| F|  |TAMS 0x0000000707e00000, 0x0000000707e00000| Untracked 
|  77|0x0000000707f00000, 0x0000000707f00000, 0x0000000708000000|  0%| F|  |TAMS 0x0000000707f00000, 0x0000000707f00000| Untracked 
|  78|0x0000000708000000, 0x0000000708000000, 0x0000000708100000|  0%| F|  |TAMS 0x0000000708000000, 0x0000000708000000| Untracked 
|  79|0x0000000708100000, 0x0000000708100000, 0x0000000708200000|  0%| F|  |TAMS 0x0000000708100000, 0x0000000708100000| Untracked 
|  80|0x0000000708200000, 0x0000000708200000, 0x0000000708300000|  0%| F|  |TAMS 0x0000000708200000, 0x0000000708200000| Untracked 
|  81|0x0000000708300000, 0x0000000708300000, 0x0000000708400000|  0%| F|  |TAMS 0x0000000708300000, 0x0000000708300000| Untracked 
|  82|0x0000000708400000, 0x0000000708400000, 0x0000000708500000|  0%| F|  |TAMS 0x0000000708400000, 0x0000000708400000| Untracked 
|  83|0x0000000708500000, 0x0000000708500000, 0x0000000708600000|  0%| F|  |TAMS 0x0000000708500000, 0x0000000708500000| Untracked 
|  84|0x0000000708600000, 0x0000000708600000, 0x0000000708700000|  0%| F|  |TAMS 0x0000000708600000, 0x0000000708600000| Untracked 
|  85|0x0000000708700000, 0x0000000708700000, 0x0000000708800000|  0%| F|  |TAMS 0x0000000708700000, 0x0000000708700000| Untracked 
|  86|0x0000000708800000, 0x0000000708800000, 0x0000000708900000|  0%| F|  |TAMS 0x0000000708800000, 0x0000000708800000| Untracked 
|  87|0x0000000708900000, 0x0000000708a00000, 0x0000000708a00000|100%| S|CS|TAMS 0x0000000708900000, 0x0000000708900000| Complete 
|  88|0x0000000708a00000, 0x0000000708b00000, 0x0000000708b00000|100%| S|CS|TAMS 0x0000000708a00000, 0x0000000708a00000| Complete 
|  89|0x0000000708b00000, 0x0000000708c00000, 0x0000000708c00000|100%| S|CS|TAMS 0x0000000708b00000, 0x0000000708b00000| Complete 
|  90|0x0000000708c00000, 0x0000000708d00000, 0x0000000708d00000|100%| S|CS|TAMS 0x0000000708c00000, 0x0000000708c00000| Complete 
|  91|0x0000000708d00000, 0x0000000708e00000, 0x0000000708e00000|100%| S|CS|TAMS 0x0000000708d00000, 0x0000000708d00000| Complete 
|  92|0x0000000708e00000, 0x0000000708f00000, 0x0000000708f00000|100%| S|CS|TAMS 0x0000000708e00000, 0x0000000708e00000| Complete 
|  93|0x0000000708f00000, 0x0000000709000000, 0x0000000709000000|100%| S|CS|TAMS 0x0000000708f00000, 0x0000000708f00000| Complete 
|  94|0x0000000709000000, 0x0000000709100000, 0x0000000709100000|100%| S|CS|TAMS 0x0000000709000000, 0x0000000709000000| Complete 
|  95|0x0000000709100000, 0x0000000709200000, 0x0000000709200000|100%| S|CS|TAMS 0x0000000709100000, 0x0000000709100000| Complete 
|  96|0x0000000709200000, 0x0000000709300000, 0x0000000709300000|100%| S|CS|TAMS 0x0000000709200000, 0x0000000709200000| Complete 
|  97|0x0000000709300000, 0x0000000709400000, 0x0000000709400000|100%| S|CS|TAMS 0x0000000709300000, 0x0000000709300000| Complete 
|  98|0x0000000709400000, 0x0000000709500000, 0x0000000709500000|100%| S|CS|TAMS 0x0000000709400000, 0x0000000709400000| Complete 
|  99|0x0000000709500000, 0x0000000709500000, 0x0000000709600000|  0%| F|  |TAMS 0x0000000709500000, 0x0000000709500000| Untracked 
| 100|0x0000000709600000, 0x0000000709600000, 0x0000000709700000|  0%| F|  |TAMS 0x0000000709600000, 0x0000000709600000| Untracked 
| 101|0x0000000709700000, 0x0000000709700000, 0x0000000709800000|  0%| F|  |TAMS 0x0000000709700000, 0x0000000709700000| Untracked 
| 102|0x0000000709800000, 0x0000000709800000, 0x0000000709900000|  0%| F|  |TAMS 0x0000000709800000, 0x0000000709800000| Untracked 
| 103|0x0000000709900000, 0x0000000709900000, 0x0000000709a00000|  0%| F|  |TAMS 0x0000000709900000, 0x0000000709900000| Untracked 
| 104|0x0000000709a00000, 0x0000000709a00000, 0x0000000709b00000|  0%| F|  |TAMS 0x0000000709a00000, 0x0000000709a00000| Untracked 
| 105|0x0000000709b00000, 0x0000000709b00000, 0x0000000709c00000|  0%| F|  |TAMS 0x0000000709b00000, 0x0000000709b00000| Untracked 
| 106|0x0000000709c00000, 0x0000000709c00000, 0x0000000709d00000|  0%| F|  |TAMS 0x0000000709c00000, 0x0000000709c00000| Untracked 
| 107|0x0000000709d00000, 0x0000000709d00000, 0x0000000709e00000|  0%| F|  |TAMS 0x0000000709d00000, 0x0000000709d00000| Untracked 
| 108|0x0000000709e00000, 0x0000000709e00000, 0x0000000709f00000|  0%| F|  |TAMS 0x0000000709e00000, 0x0000000709e00000| Untracked 
| 109|0x0000000709f00000, 0x0000000709f00000, 0x000000070a000000|  0%| F|  |TAMS 0x0000000709f00000, 0x0000000709f00000| Untracked 
| 110|0x000000070a000000, 0x000000070a000000, 0x000000070a100000|  0%| F|  |TAMS 0x000000070a000000, 0x000000070a000000| Untracked 
| 111|0x000000070a100000, 0x000000070a100000, 0x000000070a200000|  0%| F|  |TAMS 0x000000070a100000, 0x000000070a100000| Untracked 
| 112|0x000000070a200000, 0x000000070a200000, 0x000000070a300000|  0%| F|  |TAMS 0x000000070a200000, 0x000000070a200000| Untracked 
| 113|0x000000070a300000, 0x000000070a300000, 0x000000070a400000|  0%| F|  |TAMS 0x000000070a300000, 0x000000070a300000| Untracked 
| 114|0x000000070a400000, 0x000000070a500000, 0x000000070a500000|100%| S|CS|TAMS 0x000000070a400000, 0x000000070a400000| Complete 
| 115|0x000000070a500000, 0x000000070a600000, 0x000000070a600000|100%| S|CS|TAMS 0x000000070a500000, 0x000000070a500000| Complete 
| 116|0x000000070a600000, 0x000000070a700000, 0x000000070a700000|100%| S|CS|TAMS 0x000000070a600000, 0x000000070a600000| Complete 
| 117|0x000000070a700000, 0x000000070a700000, 0x000000070a800000|  0%| F|  |TAMS 0x000000070a700000, 0x000000070a700000| Untracked 
| 118|0x000000070a800000, 0x000000070a800000, 0x000000070a900000|  0%| F|  |TAMS 0x000000070a800000, 0x000000070a800000| Untracked 
| 119|0x000000070a900000, 0x000000070a900000, 0x000000070aa00000|  0%| F|  |TAMS 0x000000070a900000, 0x000000070a900000| Untracked 
| 120|0x000000070aa00000, 0x000000070aa00000, 0x000000070ab00000|  0%| F|  |TAMS 0x000000070aa00000, 0x000000070aa00000| Untracked 
| 121|0x000000070ab00000, 0x000000070ab00000, 0x000000070ac00000|  0%| F|  |TAMS 0x000000070ab00000, 0x000000070ab00000| Untracked 
| 122|0x000000070ac00000, 0x000000070ac00000, 0x000000070ad00000|  0%| F|  |TAMS 0x000000070ac00000, 0x000000070ac00000| Untracked 
| 123|0x000000070ad00000, 0x000000070ad00000, 0x000000070ae00000|  0%| F|  |TAMS 0x000000070ad00000, 0x000000070ad00000| Untracked 
| 124|0x000000070ae00000, 0x000000070ae00000, 0x000000070af00000|  0%| F|  |TAMS 0x000000070ae00000, 0x000000070ae00000| Untracked 
| 125|0x000000070af00000, 0x000000070af00000, 0x000000070b000000|  0%| F|  |TAMS 0x000000070af00000, 0x000000070af00000| Untracked 
| 126|0x000000070b000000, 0x000000070b000000, 0x000000070b100000|  0%| F|  |TAMS 0x000000070b000000, 0x000000070b000000| Untracked 
| 127|0x000000070b100000, 0x000000070b100000, 0x000000070b200000|  0%| F|  |TAMS 0x000000070b100000, 0x000000070b100000| Untracked 
| 128|0x000000070b200000, 0x000000070b200000, 0x000000070b300000|  0%| F|  |TAMS 0x000000070b200000, 0x000000070b200000| Untracked 
| 129|0x000000070b300000, 0x000000070b300000, 0x000000070b400000|  0%| F|  |TAMS 0x000000070b300000, 0x000000070b300000| Untracked 
| 130|0x000000070b400000, 0x000000070b400000, 0x000000070b500000|  0%| F|  |TAMS 0x000000070b400000, 0x000000070b400000| Untracked 
| 131|0x000000070b500000, 0x000000070b500000, 0x000000070b600000|  0%| F|  |TAMS 0x000000070b500000, 0x000000070b500000| Untracked 
| 132|0x000000070b600000, 0x000000070b600000, 0x000000070b700000|  0%| F|  |TAMS 0x000000070b600000, 0x000000070b600000| Untracked 
| 133|0x000000070b700000, 0x000000070b700000, 0x000000070b800000|  0%| F|  |TAMS 0x000000070b700000, 0x000000070b700000| Untracked 
| 134|0x000000070b800000, 0x000000070b800000, 0x000000070b900000|  0%| F|  |TAMS 0x000000070b800000, 0x000000070b800000| Untracked 
| 135|0x000000070b900000, 0x000000070b900000, 0x000000070ba00000|  0%| F|  |TAMS 0x000000070b900000, 0x000000070b900000| Untracked 
| 136|0x000000070ba00000, 0x000000070ba00000, 0x000000070bb00000|  0%| F|  |TAMS 0x000000070ba00000, 0x000000070ba00000| Untracked 
| 137|0x000000070bb00000, 0x000000070bb00000, 0x000000070bc00000|  0%| F|  |TAMS 0x000000070bb00000, 0x000000070bb00000| Untracked 
| 138|0x000000070bc00000, 0x000000070bc00000, 0x000000070bd00000|  0%| F|  |TAMS 0x000000070bc00000, 0x000000070bc00000| Untracked 
| 139|0x000000070bd00000, 0x000000070bd00000, 0x000000070be00000|  0%| F|  |TAMS 0x000000070bd00000, 0x000000070bd00000| Untracked 
| 140|0x000000070be00000, 0x000000070be00000, 0x000000070bf00000|  0%| F|  |TAMS 0x000000070be00000, 0x000000070be00000| Untracked 
| 141|0x000000070bf00000, 0x000000070bf00000, 0x000000070c000000|  0%| F|  |TAMS 0x000000070bf00000, 0x000000070bf00000| Untracked 
| 142|0x000000070c000000, 0x000000070c000000, 0x000000070c100000|  0%| F|  |TAMS 0x000000070c000000, 0x000000070c000000| Untracked 
| 143|0x000000070c100000, 0x000000070c100000, 0x000000070c200000|  0%| F|  |TAMS 0x000000070c100000, 0x000000070c100000| Untracked 
| 144|0x000000070c200000, 0x000000070c200000, 0x000000070c300000|  0%| F|  |TAMS 0x000000070c200000, 0x000000070c200000| Untracked 
| 145|0x000000070c300000, 0x000000070c300000, 0x000000070c400000|  0%| F|  |TAMS 0x000000070c300000, 0x000000070c300000| Untracked 
| 146|0x000000070c400000, 0x000000070c400000, 0x000000070c500000|  0%| F|  |TAMS 0x000000070c400000, 0x000000070c400000| Untracked 
| 147|0x000000070c500000, 0x000000070c500000, 0x000000070c600000|  0%| F|  |TAMS 0x000000070c500000, 0x000000070c500000| Untracked 
| 148|0x000000070c600000, 0x000000070c600000, 0x000000070c700000|  0%| F|  |TAMS 0x000000070c600000, 0x000000070c600000| Untracked 
| 149|0x000000070c700000, 0x000000070c700000, 0x000000070c800000|  0%| F|  |TAMS 0x000000070c700000, 0x000000070c700000| Untracked 
| 150|0x000000070c800000, 0x000000070c800000, 0x000000070c900000|  0%| F|  |TAMS 0x000000070c800000, 0x000000070c800000| Untracked 
| 151|0x000000070c900000, 0x000000070c900000, 0x000000070ca00000|  0%| F|  |TAMS 0x000000070c900000, 0x000000070c900000| Untracked 
| 152|0x000000070ca00000, 0x000000070ca00000, 0x000000070cb00000|  0%| F|  |TAMS 0x000000070ca00000, 0x000000070ca00000| Untracked 
| 153|0x000000070cb00000, 0x000000070cb00000, 0x000000070cc00000|  0%| F|  |TAMS 0x000000070cb00000, 0x000000070cb00000| Untracked 
| 154|0x000000070cc00000, 0x000000070cc00000, 0x000000070cd00000|  0%| F|  |TAMS 0x000000070cc00000, 0x000000070cc00000| Untracked 
| 155|0x000000070cd00000, 0x000000070cd00000, 0x000000070ce00000|  0%| F|  |TAMS 0x000000070cd00000, 0x000000070cd00000| Untracked 
| 156|0x000000070ce00000, 0x000000070ce00000, 0x000000070cf00000|  0%| F|  |TAMS 0x000000070ce00000, 0x000000070ce00000| Untracked 
| 157|0x000000070cf00000, 0x000000070cf00000, 0x000000070d000000|  0%| F|  |TAMS 0x000000070cf00000, 0x000000070cf00000| Untracked 
| 158|0x000000070d000000, 0x000000070d000000, 0x000000070d100000|  0%| F|  |TAMS 0x000000070d000000, 0x000000070d000000| Untracked 
| 159|0x000000070d100000, 0x000000070d100000, 0x000000070d200000|  0%| F|  |TAMS 0x000000070d100000, 0x000000070d100000| Untracked 
| 160|0x000000070d200000, 0x000000070d200000, 0x000000070d300000|  0%| F|  |TAMS 0x000000070d200000, 0x000000070d200000| Untracked 
| 161|0x000000070d300000, 0x000000070d300000, 0x000000070d400000|  0%| F|  |TAMS 0x000000070d300000, 0x000000070d300000| Untracked 
| 162|0x000000070d400000, 0x000000070d400000, 0x000000070d500000|  0%| F|  |TAMS 0x000000070d400000, 0x000000070d400000| Untracked 
| 163|0x000000070d500000, 0x000000070d500000, 0x000000070d600000|  0%| F|  |TAMS 0x000000070d500000, 0x000000070d500000| Untracked 
| 164|0x000000070d600000, 0x000000070d600000, 0x000000070d700000|  0%| F|  |TAMS 0x000000070d600000, 0x000000070d600000| Untracked 
| 165|0x000000070d700000, 0x000000070d700000, 0x000000070d800000|  0%| F|  |TAMS 0x000000070d700000, 0x000000070d700000| Untracked 
| 166|0x000000070d800000, 0x000000070d800000, 0x000000070d900000|  0%| F|  |TAMS 0x000000070d800000, 0x000000070d800000| Untracked 
| 167|0x000000070d900000, 0x000000070d900000, 0x000000070da00000|  0%| F|  |TAMS 0x000000070d900000, 0x000000070d900000| Untracked 
| 168|0x000000070da00000, 0x000000070da00000, 0x000000070db00000|  0%| F|  |TAMS 0x000000070da00000, 0x000000070da00000| Untracked 
| 169|0x000000070db00000, 0x000000070db00000, 0x000000070dc00000|  0%| F|  |TAMS 0x000000070db00000, 0x000000070db00000| Untracked 
| 170|0x000000070dc00000, 0x000000070dc00000, 0x000000070dd00000|  0%| F|  |TAMS 0x000000070dc00000, 0x000000070dc00000| Untracked 
| 171|0x000000070dd00000, 0x000000070dd00000, 0x000000070de00000|  0%| F|  |TAMS 0x000000070dd00000, 0x000000070dd00000| Untracked 
| 172|0x000000070de00000, 0x000000070de00000, 0x000000070df00000|  0%| F|  |TAMS 0x000000070de00000, 0x000000070de00000| Untracked 
| 173|0x000000070df00000, 0x000000070df00000, 0x000000070e000000|  0%| F|  |TAMS 0x000000070df00000, 0x000000070df00000| Untracked 
| 174|0x000000070e000000, 0x000000070e000000, 0x000000070e100000|  0%| F|  |TAMS 0x000000070e000000, 0x000000070e000000| Untracked 
| 175|0x000000070e100000, 0x000000070e100000, 0x000000070e200000|  0%| F|  |TAMS 0x000000070e100000, 0x000000070e100000| Untracked 
| 176|0x000000070e200000, 0x000000070e200000, 0x000000070e300000|  0%| F|  |TAMS 0x000000070e200000, 0x000000070e200000| Untracked 
| 177|0x000000070e300000, 0x000000070e300000, 0x000000070e400000|  0%| F|  |TAMS 0x000000070e300000, 0x000000070e300000| Untracked 
| 178|0x000000070e400000, 0x000000070e400000, 0x000000070e500000|  0%| F|  |TAMS 0x000000070e400000, 0x000000070e400000| Untracked 
| 179|0x000000070e500000, 0x000000070e500000, 0x000000070e600000|  0%| F|  |TAMS 0x000000070e500000, 0x000000070e500000| Untracked 
| 180|0x000000070e600000, 0x000000070e600000, 0x000000070e700000|  0%| F|  |TAMS 0x000000070e600000, 0x000000070e600000| Untracked 
| 181|0x000000070e700000, 0x000000070e700000, 0x000000070e800000|  0%| F|  |TAMS 0x000000070e700000, 0x000000070e700000| Untracked 
| 182|0x000000070e800000, 0x000000070e800000, 0x000000070e900000|  0%| F|  |TAMS 0x000000070e800000, 0x000000070e800000| Untracked 
| 183|0x000000070e900000, 0x000000070e900000, 0x000000070ea00000|  0%| F|  |TAMS 0x000000070e900000, 0x000000070e900000| Untracked 
| 184|0x000000070ea00000, 0x000000070ea00000, 0x000000070eb00000|  0%| F|  |TAMS 0x000000070ea00000, 0x000000070ea00000| Untracked 
| 185|0x000000070eb00000, 0x000000070eb00000, 0x000000070ec00000|  0%| F|  |TAMS 0x000000070eb00000, 0x000000070eb00000| Untracked 
| 186|0x000000070ec00000, 0x000000070ec00000, 0x000000070ed00000|  0%| F|  |TAMS 0x000000070ec00000, 0x000000070ec00000| Untracked 
| 187|0x000000070ed00000, 0x000000070ed00000, 0x000000070ee00000|  0%| F|  |TAMS 0x000000070ed00000, 0x000000070ed00000| Untracked 
| 188|0x000000070ee00000, 0x000000070ee00000, 0x000000070ef00000|  0%| F|  |TAMS 0x000000070ee00000, 0x000000070ee00000| Untracked 
| 189|0x000000070ef00000, 0x000000070ef00000, 0x000000070f000000|  0%| F|  |TAMS 0x000000070ef00000, 0x000000070ef00000| Untracked 
| 190|0x000000070f000000, 0x000000070f000000, 0x000000070f100000|  0%| F|  |TAMS 0x000000070f000000, 0x000000070f000000| Untracked 
| 191|0x000000070f100000, 0x000000070f100000, 0x000000070f200000|  0%| F|  |TAMS 0x000000070f100000, 0x000000070f100000| Untracked 
| 192|0x000000070f200000, 0x000000070f200000, 0x000000070f300000|  0%| F|  |TAMS 0x000000070f200000, 0x000000070f200000| Untracked 
| 193|0x000000070f300000, 0x000000070f300000, 0x000000070f400000|  0%| F|  |TAMS 0x000000070f300000, 0x000000070f300000| Untracked 
| 194|0x000000070f400000, 0x000000070f400000, 0x000000070f500000|  0%| F|  |TAMS 0x000000070f400000, 0x000000070f400000| Untracked 
| 195|0x000000070f500000, 0x000000070f500000, 0x000000070f600000|  0%| F|  |TAMS 0x000000070f500000, 0x000000070f500000| Untracked 
| 196|0x000000070f600000, 0x000000070f600000, 0x000000070f700000|  0%| F|  |TAMS 0x000000070f600000, 0x000000070f600000| Untracked 
| 197|0x000000070f700000, 0x000000070f700000, 0x000000070f800000|  0%| F|  |TAMS 0x000000070f700000, 0x000000070f700000| Untracked 
| 198|0x000000070f800000, 0x000000070f800000, 0x000000070f900000|  0%| F|  |TAMS 0x000000070f800000, 0x000000070f800000| Untracked 
| 199|0x000000070f900000, 0x000000070f900000, 0x000000070fa00000|  0%| F|  |TAMS 0x000000070f900000, 0x000000070f900000| Untracked 
| 200|0x000000070fa00000, 0x000000070fa00000, 0x000000070fb00000|  0%| F|  |TAMS 0x000000070fa00000, 0x000000070fa00000| Untracked 
| 201|0x000000070fb00000, 0x000000070fb00000, 0x000000070fc00000|  0%| F|  |TAMS 0x000000070fb00000, 0x000000070fb00000| Untracked 
| 202|0x000000070fc00000, 0x000000070fc00000, 0x000000070fd00000|  0%| F|  |TAMS 0x000000070fc00000, 0x000000070fc00000| Untracked 
| 203|0x000000070fd00000, 0x000000070fd00000, 0x000000070fe00000|  0%| F|  |TAMS 0x000000070fd00000, 0x000000070fd00000| Untracked 
| 204|0x000000070fe00000, 0x000000070fe00000, 0x000000070ff00000|  0%| F|  |TAMS 0x000000070fe00000, 0x000000070fe00000| Untracked 
| 205|0x000000070ff00000, 0x000000070ff00000, 0x0000000710000000|  0%| F|  |TAMS 0x000000070ff00000, 0x000000070ff00000| Untracked 
| 206|0x0000000710000000, 0x0000000710000000, 0x0000000710100000|  0%| F|  |TAMS 0x0000000710000000, 0x0000000710000000| Untracked 
| 207|0x0000000710100000, 0x0000000710100000, 0x0000000710200000|  0%| F|  |TAMS 0x0000000710100000, 0x0000000710100000| Untracked 
| 208|0x0000000710200000, 0x0000000710200000, 0x0000000710300000|  0%| F|  |TAMS 0x0000000710200000, 0x0000000710200000| Untracked 
| 209|0x0000000710300000, 0x0000000710300000, 0x0000000710400000|  0%| F|  |TAMS 0x0000000710300000, 0x0000000710300000| Untracked 
| 210|0x0000000710400000, 0x0000000710400000, 0x0000000710500000|  0%| F|  |TAMS 0x0000000710400000, 0x0000000710400000| Untracked 
| 211|0x0000000710500000, 0x0000000710500000, 0x0000000710600000|  0%| F|  |TAMS 0x0000000710500000, 0x0000000710500000| Untracked 
| 212|0x0000000710600000, 0x0000000710600000, 0x0000000710700000|  0%| F|  |TAMS 0x0000000710600000, 0x0000000710600000| Untracked 
| 213|0x0000000710700000, 0x0000000710700000, 0x0000000710800000|  0%| F|  |TAMS 0x0000000710700000, 0x0000000710700000| Untracked 
| 214|0x0000000710800000, 0x0000000710800000, 0x0000000710900000|  0%| F|  |TAMS 0x0000000710800000, 0x0000000710800000| Untracked 
| 215|0x0000000710900000, 0x0000000710900000, 0x0000000710a00000|  0%| F|  |TAMS 0x0000000710900000, 0x0000000710900000| Untracked 
| 216|0x0000000710a00000, 0x0000000710a00000, 0x0000000710b00000|  0%| F|  |TAMS 0x0000000710a00000, 0x0000000710a00000| Untracked 
| 217|0x0000000710b00000, 0x0000000710b00000, 0x0000000710c00000|  0%| F|  |TAMS 0x0000000710b00000, 0x0000000710b00000| Untracked 
| 218|0x0000000710c00000, 0x0000000710c00000, 0x0000000710d00000|  0%| F|  |TAMS 0x0000000710c00000, 0x0000000710c00000| Untracked 
| 219|0x0000000710d00000, 0x0000000710d00000, 0x0000000710e00000|  0%| F|  |TAMS 0x0000000710d00000, 0x0000000710d00000| Untracked 
| 220|0x0000000710e00000, 0x0000000710e00000, 0x0000000710f00000|  0%| F|  |TAMS 0x0000000710e00000, 0x0000000710e00000| Untracked 
| 221|0x0000000710f00000, 0x0000000710f00000, 0x0000000711000000|  0%| F|  |TAMS 0x0000000710f00000, 0x0000000710f00000| Untracked 
| 222|0x0000000711000000, 0x0000000711000000, 0x0000000711100000|  0%| F|  |TAMS 0x0000000711000000, 0x0000000711000000| Untracked 
| 223|0x0000000711100000, 0x0000000711100000, 0x0000000711200000|  0%| F|  |TAMS 0x0000000711100000, 0x0000000711100000| Untracked 
| 224|0x0000000711200000, 0x0000000711200000, 0x0000000711300000|  0%| F|  |TAMS 0x0000000711200000, 0x0000000711200000| Untracked 
| 225|0x0000000711300000, 0x0000000711300000, 0x0000000711400000|  0%| F|  |TAMS 0x0000000711300000, 0x0000000711300000| Untracked 
| 226|0x0000000711400000, 0x0000000711400000, 0x0000000711500000|  0%| F|  |TAMS 0x0000000711400000, 0x0000000711400000| Untracked 
| 227|0x0000000711500000, 0x0000000711500000, 0x0000000711600000|  0%| F|  |TAMS 0x0000000711500000, 0x0000000711500000| Untracked 
| 228|0x0000000711600000, 0x0000000711600000, 0x0000000711700000|  0%| F|  |TAMS 0x0000000711600000, 0x0000000711600000| Untracked 
| 229|0x0000000711700000, 0x0000000711700000, 0x0000000711800000|  0%| F|  |TAMS 0x0000000711700000, 0x0000000711700000| Untracked 
| 230|0x0000000711800000, 0x0000000711800000, 0x0000000711900000|  0%| F|  |TAMS 0x0000000711800000, 0x0000000711800000| Untracked 
| 231|0x0000000711900000, 0x0000000711900000, 0x0000000711a00000|  0%| F|  |TAMS 0x0000000711900000, 0x0000000711900000| Untracked 
| 232|0x0000000711a00000, 0x0000000711a00000, 0x0000000711b00000|  0%| F|  |TAMS 0x0000000711a00000, 0x0000000711a00000| Untracked 
| 233|0x0000000711b00000, 0x0000000711b00000, 0x0000000711c00000|  0%| F|  |TAMS 0x0000000711b00000, 0x0000000711b00000| Untracked 
| 234|0x0000000711c00000, 0x0000000711c00000, 0x0000000711d00000|  0%| F|  |TAMS 0x0000000711c00000, 0x0000000711c00000| Untracked 
| 235|0x0000000711d00000, 0x0000000711d00000, 0x0000000711e00000|  0%| F|  |TAMS 0x0000000711d00000, 0x0000000711d00000| Untracked 
| 236|0x0000000711e00000, 0x0000000711e00000, 0x0000000711f00000|  0%| F|  |TAMS 0x0000000711e00000, 0x0000000711e00000| Untracked 
| 237|0x0000000711f00000, 0x0000000711f00000, 0x0000000712000000|  0%| F|  |TAMS 0x0000000711f00000, 0x0000000711f00000| Untracked 
| 238|0x0000000712000000, 0x0000000712000000, 0x0000000712100000|  0%| F|  |TAMS 0x0000000712000000, 0x0000000712000000| Untracked 
| 239|0x0000000712100000, 0x0000000712100000, 0x0000000712200000|  0%| F|  |TAMS 0x0000000712100000, 0x0000000712100000| Untracked 
| 240|0x0000000712200000, 0x0000000712200000, 0x0000000712300000|  0%| F|  |TAMS 0x0000000712200000, 0x0000000712200000| Untracked 
| 241|0x0000000712300000, 0x0000000712300000, 0x0000000712400000|  0%| F|  |TAMS 0x0000000712300000, 0x0000000712300000| Untracked 
| 242|0x0000000712400000, 0x0000000712400000, 0x0000000712500000|  0%| F|  |TAMS 0x0000000712400000, 0x0000000712400000| Untracked 
| 243|0x0000000712500000, 0x0000000712500000, 0x0000000712600000|  0%| F|  |TAMS 0x0000000712500000, 0x0000000712500000| Untracked 
| 244|0x0000000712600000, 0x0000000712600000, 0x0000000712700000|  0%| F|  |TAMS 0x0000000712600000, 0x0000000712600000| Untracked 
| 245|0x0000000712700000, 0x0000000712700000, 0x0000000712800000|  0%| F|  |TAMS 0x0000000712700000, 0x0000000712700000| Untracked 
| 246|0x0000000712800000, 0x0000000712800000, 0x0000000712900000|  0%| F|  |TAMS 0x0000000712800000, 0x0000000712800000| Untracked 
| 247|0x0000000712900000, 0x0000000712900000, 0x0000000712a00000|  0%| F|  |TAMS 0x0000000712900000, 0x0000000712900000| Untracked 
| 248|0x0000000712a00000, 0x0000000712a00000, 0x0000000712b00000|  0%| F|  |TAMS 0x0000000712a00000, 0x0000000712a00000| Untracked 
| 249|0x0000000712b00000, 0x0000000712b00000, 0x0000000712c00000|  0%| F|  |TAMS 0x0000000712b00000, 0x0000000712b00000| Untracked 
| 250|0x0000000712c00000, 0x0000000712c00000, 0x0000000712d00000|  0%| F|  |TAMS 0x0000000712c00000, 0x0000000712c00000| Untracked 
| 251|0x0000000712d00000, 0x0000000712d00000, 0x0000000712e00000|  0%| F|  |TAMS 0x0000000712d00000, 0x0000000712d00000| Untracked 
| 252|0x0000000712e00000, 0x0000000712e00000, 0x0000000712f00000|  0%| F|  |TAMS 0x0000000712e00000, 0x0000000712e00000| Untracked 
| 253|0x0000000712f00000, 0x0000000712f00000, 0x0000000713000000|  0%| F|  |TAMS 0x0000000712f00000, 0x0000000712f00000| Untracked 
| 254|0x0000000713000000, 0x0000000713000000, 0x0000000713100000|  0%| F|  |TAMS 0x0000000713000000, 0x0000000713000000| Untracked 
| 255|0x0000000713100000, 0x00000007131c6f18, 0x0000000713200000| 77%| E|  |TAMS 0x0000000713100000, 0x0000000713100000| Complete 
| 256|0x0000000713200000, 0x0000000713300000, 0x0000000713300000|100%| E|CS|TAMS 0x0000000713200000, 0x0000000713200000| Complete 
| 257|0x0000000713300000, 0x0000000713400000, 0x0000000713400000|100%| E|CS|TAMS 0x0000000713300000, 0x0000000713300000| Complete 
| 258|0x0000000713400000, 0x0000000713500000, 0x0000000713500000|100%| E|CS|TAMS 0x0000000713400000, 0x0000000713400000| Complete 
| 259|0x0000000713500000, 0x0000000713600000, 0x0000000713600000|100%| E|CS|TAMS 0x0000000713500000, 0x0000000713500000| Complete 
| 260|0x0000000713600000, 0x0000000713700000, 0x0000000713700000|100%| E|CS|TAMS 0x0000000713600000, 0x0000000713600000| Complete 
| 261|0x0000000713700000, 0x0000000713800000, 0x0000000713800000|100%| E|CS|TAMS 0x0000000713700000, 0x0000000713700000| Complete 
| 262|0x0000000713800000, 0x0000000713900000, 0x0000000713900000|100%| E|CS|TAMS 0x0000000713800000, 0x0000000713800000| Complete 
| 263|0x0000000713900000, 0x0000000713a00000, 0x0000000713a00000|100%| E|CS|TAMS 0x0000000713900000, 0x0000000713900000| Complete 
| 264|0x0000000713a00000, 0x0000000713b00000, 0x0000000713b00000|100%| E|CS|TAMS 0x0000000713a00000, 0x0000000713a00000| Complete 
| 265|0x0000000713b00000, 0x0000000713c00000, 0x0000000713c00000|100%| E|CS|TAMS 0x0000000713b00000, 0x0000000713b00000| Complete 
| 266|0x0000000713c00000, 0x0000000713d00000, 0x0000000713d00000|100%| E|CS|TAMS 0x0000000713c00000, 0x0000000713c00000| Complete 
| 267|0x0000000713d00000, 0x0000000713e00000, 0x0000000713e00000|100%| E|CS|TAMS 0x0000000713d00000, 0x0000000713d00000| Complete 
| 268|0x0000000713e00000, 0x0000000713f00000, 0x0000000713f00000|100%| E|CS|TAMS 0x0000000713e00000, 0x0000000713e00000| Complete 
| 269|0x0000000713f00000, 0x0000000714000000, 0x0000000714000000|100%| E|CS|TAMS 0x0000000713f00000, 0x0000000713f00000| Complete 
| 270|0x0000000714000000, 0x0000000714100000, 0x0000000714100000|100%| E|CS|TAMS 0x0000000714000000, 0x0000000714000000| Complete 
| 271|0x0000000714100000, 0x0000000714200000, 0x0000000714200000|100%| E|CS|TAMS 0x0000000714100000, 0x0000000714100000| Complete 
| 272|0x0000000714200000, 0x0000000714300000, 0x0000000714300000|100%| E|CS|TAMS 0x0000000714200000, 0x0000000714200000| Complete 
| 273|0x0000000714300000, 0x0000000714400000, 0x0000000714400000|100%| E|CS|TAMS 0x0000000714300000, 0x0000000714300000| Complete 
| 274|0x0000000714400000, 0x0000000714500000, 0x0000000714500000|100%| E|CS|TAMS 0x0000000714400000, 0x0000000714400000| Complete 
| 275|0x0000000714500000, 0x0000000714600000, 0x0000000714600000|100%| E|CS|TAMS 0x0000000714500000, 0x0000000714500000| Complete 
| 276|0x0000000714600000, 0x0000000714700000, 0x0000000714700000|100%| E|CS|TAMS 0x0000000714600000, 0x0000000714600000| Complete 
| 277|0x0000000714700000, 0x0000000714800000, 0x0000000714800000|100%| E|CS|TAMS 0x0000000714700000, 0x0000000714700000| Complete 
| 278|0x0000000714800000, 0x0000000714900000, 0x0000000714900000|100%| E|CS|TAMS 0x0000000714800000, 0x0000000714800000| Complete 
| 279|0x0000000714900000, 0x0000000714a00000, 0x0000000714a00000|100%| E|CS|TAMS 0x0000000714900000, 0x0000000714900000| Complete 
| 280|0x0000000714a00000, 0x0000000714b00000, 0x0000000714b00000|100%| E|CS|TAMS 0x0000000714a00000, 0x0000000714a00000| Complete 
| 281|0x0000000714b00000, 0x0000000714c00000, 0x0000000714c00000|100%| E|CS|TAMS 0x0000000714b00000, 0x0000000714b00000| Complete 
| 282|0x0000000714c00000, 0x0000000714d00000, 0x0000000714d00000|100%| E|  |TAMS 0x0000000714c00000, 0x0000000714c00000| Complete 
| 283|0x0000000714d00000, 0x0000000714e00000, 0x0000000714e00000|100%| E|CS|TAMS 0x0000000714d00000, 0x0000000714d00000| Complete 
| 284|0x0000000714e00000, 0x0000000714f00000, 0x0000000714f00000|100%| E|CS|TAMS 0x0000000714e00000, 0x0000000714e00000| Complete 
| 285|0x0000000714f00000, 0x0000000715000000, 0x0000000715000000|100%| E|CS|TAMS 0x0000000714f00000, 0x0000000714f00000| Complete 
| 286|0x0000000715000000, 0x0000000715100000, 0x0000000715100000|100%| E|CS|TAMS 0x0000000715000000, 0x0000000715000000| Complete 
| 287|0x0000000715100000, 0x0000000715200000, 0x0000000715200000|100%| E|CS|TAMS 0x0000000715100000, 0x0000000715100000| Complete 
| 288|0x0000000715200000, 0x0000000715300000, 0x0000000715300000|100%| E|CS|TAMS 0x0000000715200000, 0x0000000715200000| Complete 
| 289|0x0000000715300000, 0x0000000715400000, 0x0000000715400000|100%| E|CS|TAMS 0x0000000715300000, 0x0000000715300000| Complete 
| 290|0x0000000715400000, 0x0000000715500000, 0x0000000715500000|100%| E|CS|TAMS 0x0000000715400000, 0x0000000715400000| Complete 
| 291|0x0000000715500000, 0x0000000715600000, 0x0000000715600000|100%| E|CS|TAMS 0x0000000715500000, 0x0000000715500000| Complete 
| 292|0x0000000715600000, 0x0000000715700000, 0x0000000715700000|100%| E|CS|TAMS 0x0000000715600000, 0x0000000715600000| Complete 
| 293|0x0000000715700000, 0x0000000715800000, 0x0000000715800000|100%| E|CS|TAMS 0x0000000715700000, 0x0000000715700000| Complete 
| 294|0x0000000715800000, 0x0000000715900000, 0x0000000715900000|100%| E|CS|TAMS 0x0000000715800000, 0x0000000715800000| Complete 
| 295|0x0000000715900000, 0x0000000715a00000, 0x0000000715a00000|100%| E|CS|TAMS 0x0000000715900000, 0x0000000715900000| Complete 
| 296|0x0000000715a00000, 0x0000000715b00000, 0x0000000715b00000|100%| E|CS|TAMS 0x0000000715a00000, 0x0000000715a00000| Complete 
| 297|0x0000000715b00000, 0x0000000715c00000, 0x0000000715c00000|100%| E|CS|TAMS 0x0000000715b00000, 0x0000000715b00000| Complete 
| 298|0x0000000715c00000, 0x0000000715d00000, 0x0000000715d00000|100%| E|CS|TAMS 0x0000000715c00000, 0x0000000715c00000| Complete 
| 299|0x0000000715d00000, 0x0000000715e00000, 0x0000000715e00000|100%| E|CS|TAMS 0x0000000715d00000, 0x0000000715d00000| Complete 
| 300|0x0000000715e00000, 0x0000000715f00000, 0x0000000715f00000|100%| E|CS|TAMS 0x0000000715e00000, 0x0000000715e00000| Complete 
| 301|0x0000000715f00000, 0x0000000716000000, 0x0000000716000000|100%| E|CS|TAMS 0x0000000715f00000, 0x0000000715f00000| Complete 
| 302|0x0000000716000000, 0x0000000716100000, 0x0000000716100000|100%| E|CS|TAMS 0x0000000716000000, 0x0000000716000000| Complete 
| 303|0x0000000716100000, 0x0000000716200000, 0x0000000716200000|100%| E|CS|TAMS 0x0000000716100000, 0x0000000716100000| Complete 
| 304|0x0000000716200000, 0x0000000716300000, 0x0000000716300000|100%| E|CS|TAMS 0x0000000716200000, 0x0000000716200000| Complete 

Card table byte_map: [0x0000029f79c20000,0x0000029f7a410000] _byte_map_base: 0x0000029f76407000

Marking Bits (Prev, Next): (CMBitMap*) 0x0000029f5faed610, (CMBitMap*) 0x0000029f5faed5d8
 Prev Bits: [0x0000029f00000000, 0x0000029f03f38000)
 Next Bits: [0x0000029f7ac00000, 0x0000029f7eb38000)

Polling page: 0x0000029f69990000

Metaspace:

Usage:
  Non-class:     67.17 MB capacity,    65.89 MB ( 98%) used,     1.00 MB (  1%) free+waste,   287.25 KB ( <1%) overhead. 
      Class:     10.17 MB capacity,     9.30 MB ( 91%) used,   757.66 KB (  7%) free+waste,   132.06 KB (  1%) overhead. 
       Both:     77.34 MB capacity,    75.19 MB ( 97%) used,     1.74 MB (  2%) free+waste,   419.31 KB ( <1%) overhead. 

Virtual space:
  Non-class space:       68.00 MB reserved,      67.17 MB ( 99%) committed 
      Class space:        1.00 GB reserved,      10.23 MB ( <1%) committed 
             Both:        1.07 GB reserved,      77.40 MB (  7%) committed 

Chunk freelists:
   Non-Class:  3.00 KB
       Class:  19.00 KB
        Both:  22.00 KB

MaxMetaspaceSize: 17179869184.00 GB
CompressedClassSpaceSize: 1.00 GB
Initial GC threshold: 20.80 MB
Current GC threshold: 98.59 MB
CDS: off

CodeHeap 'non-profiled nmethods': size=120000Kb used=3922Kb max_used=3922Kb free=116077Kb
 bounds [0x0000029f71480000, 0x0000029f71860000, 0x0000029f789b0000]
CodeHeap 'profiled nmethods': size=120000Kb used=16118Kb max_used=16118Kb free=103881Kb
 bounds [0x0000029f69f50000, 0x0000029f6af10000, 0x0000029f71480000]
CodeHeap 'non-nmethods': size=5760Kb used=1358Kb max_used=1390Kb free=4401Kb
 bounds [0x0000029f699b0000, 0x0000029f69c20000, 0x0000029f69f50000]
 total_blobs=8299 nmethods=7648 adapters=562
 compilation: enabled
              stopped_count=0, restarted_count=0
 full_count=0

Compilation events (20 events):
Event: 130.189 Thread 0x0000029f06034800 nmethod 7763 0x0000029f6af08690 code [0x0000029f6af08840, 0x0000029f6af08938]
Event: 130.189 Thread 0x0000029f06034800 7764       1       org.hibernate.event.spi.FlushEntityEvent::getEntityEntry (5 bytes)
Event: 130.189 Thread 0x0000029f06034800 nmethod 7764 0x0000029f71853610 code [0x0000029f718537c0, 0x0000029f71853878]
Event: 130.189 Thread 0x0000029f06034800 7765   !   3       org.hibernate.property.access.spi.GetterFieldImpl::get (191 bytes)
Event: 130.193 Thread 0x0000029f06034800 nmethod 7765 0x0000029f6af08a10 code [0x0000029f6af08fa0, 0x0000029f6af0ba98]
Event: 130.193 Thread 0x0000029f06034800 7766       1       com.mysql.cj.protocol.a.result.OkPacket::setUpdateCount (6 bytes)
Event: 130.193 Thread 0x0000029f06034800 nmethod 7766 0x0000029f71853910 code [0x0000029f71853ac0, 0x0000029f71853b78]
Event: 130.193 Thread 0x0000029f06034800 7767       1       com.mysql.cj.protocol.a.result.OkPacket::setUpdateID (6 bytes)
Event: 130.193 Thread 0x0000029f06034800 nmethod 7767 0x0000029f71853c10 code [0x0000029f71853dc0, 0x0000029f71853e78]
Event: 130.193 Thread 0x0000029f06034800 7768       1       com.mysql.cj.protocol.a.result.OkPacket::setStatusFlags (6 bytes)
Event: 130.193 Thread 0x0000029f06034800 nmethod 7768 0x0000029f71853f10 code [0x0000029f718540c0, 0x0000029f71854178]
Event: 130.193 Thread 0x0000029f06034800 7769       1       com.mysql.cj.protocol.a.result.OkPacket::setWarningCount (6 bytes)
Event: 130.193 Thread 0x0000029f06034800 nmethod 7769 0x0000029f71854210 code [0x0000029f718543c0, 0x0000029f71854478]
Event: 130.193 Thread 0x0000029f06034800 7770       1       com.mysql.cj.protocol.a.result.OkPacket::setInfo (6 bytes)
Event: 130.193 Thread 0x0000029f06034800 nmethod 7770 0x0000029f71854510 code [0x0000029f718546c0, 0x0000029f718547d8]
Event: 130.193 Thread 0x0000029f06034800 7771       1       com.mysql.cj.protocol.a.result.OkPacket::getStatusFlags (5 bytes)
Event: 130.193 Thread 0x0000029f06034800 nmethod 7771 0x0000029f71854890 code [0x0000029f71854a40, 0x0000029f71854af8]
Event: 130.197 Thread 0x0000029f06034800 7772       3       java.nio.ByteBuffer::allocate (19 bytes)
Event: 130.198 Thread 0x0000029f06034800 nmethod 7772 0x0000029f6af0ce10 code [0x0000029f6af0cfe0, 0x0000029f6af0d318]
Event: 130.198 Thread 0x0000029f06034800 7773       3       java.nio.HeapByteBuffer::<init> (20 bytes)

GC Heap History (14 events):
Event: 0.924 GC heap before
{Heap before GC invocations=0 (full 0):
 garbage-first heap   total 260096K, used 24576K [0x0000000703200000, 0x0000000800000000)
  region size 1024K, 24 young (24576K), 0 survivors (0K)
 Metaspace       used 12915K, capacity 13142K, committed 13440K, reserved 1060864K
  class space    used 1256K, capacity 1324K, committed 1408K, reserved 1048576K
}
Event: 0.928 GC heap after
{Heap after GC invocations=1 (full 0):
 garbage-first heap   total 260096K, used 6949K [0x0000000703200000, 0x0000000800000000)
  region size 1024K, 3 young (3072K), 3 survivors (3072K)
 Metaspace       used 12915K, capacity 13142K, committed 13440K, reserved 1060864K
  class space    used 1256K, capacity 1324K, committed 1408K, reserved 1048576K
}
Event: 1.357 GC heap before
{Heap before GC invocations=1 (full 0):
 garbage-first heap   total 260096K, used 27429K [0x0000000703200000, 0x0000000800000000)
  region size 1024K, 24 young (24576K), 3 survivors (3072K)
 Metaspace       used 17581K, capacity 17999K, committed 18176K, reserved 1064960K
  class space    used 1858K, capacity 2036K, committed 2048K, reserved 1048576K
}
Event: 1.365 GC heap after
{Heap after GC invocations=2 (full 0):
 garbage-first heap   total 260096K, used 8281K [0x0000000703200000, 0x0000000800000000)
  region size 1024K, 2 young (2048K), 2 survivors (2048K)
 Metaspace       used 17581K, capacity 17999K, committed 18176K, reserved 1064960K
  class space    used 1858K, capacity 2036K, committed 2048K, reserved 1048576K
}
Event: 1.549 GC heap before
{Heap before GC invocations=2 (full 0):
 garbage-first heap   total 260096K, used 24665K [0x0000000703200000, 0x0000000800000000)
  region size 1024K, 20 young (20480K), 2 survivors (2048K)
 Metaspace       used 20768K, capacity 21178K, committed 21296K, reserved 1069056K
  class space    used 2209K, capacity 2392K, committed 2432K, reserved 1048576K
}
Event: 1.552 GC heap after
{Heap after GC invocations=3 (full 0):
 garbage-first heap   total 260096K, used 8683K [0x0000000703200000, 0x0000000800000000)
  region size 1024K, 2 young (2048K), 2 survivors (2048K)
 Metaspace       used 20768K, capacity 21178K, committed 21296K, reserved 1069056K
  class space    used 2209K, capacity 2392K, committed 2432K, reserved 1048576K
}
Event: 2.352 GC heap before
{Heap before GC invocations=4 (full 0):
 garbage-first heap   total 260096K, used 85483K [0x0000000703200000, 0x0000000800000000)
  region size 1024K, 77 young (78848K), 2 survivors (2048K)
 Metaspace       used 26452K, capacity 27126K, committed 27184K, reserved 1073152K
  class space    used 2894K, capacity 3154K, committed 3200K, reserved 1048576K
}
Event: 2.357 GC heap after
{Heap after GC invocations=5 (full 0):
 garbage-first heap   total 260096K, used 11864K [0x0000000703200000, 0x0000000800000000)
  region size 1024K, 5 young (5120K), 5 survivors (5120K)
 Metaspace       used 26452K, capacity 27126K, committed 27184K, reserved 1073152K
  class space    used 2894K, capacity 3154K, committed 3200K, reserved 1048576K
}
Event: 3.908 GC heap before
{Heap before GC invocations=5 (full 0):
 garbage-first heap   total 260096K, used 91736K [0x0000000703200000, 0x0000000800000000)
  region size 1024K, 84 young (86016K), 5 survivors (5120K)
 Metaspace       used 34805K, capacity 35737K, committed 35888K, reserved 1081344K
  class space    used 3982K, capacity 4357K, committed 4480K, reserved 1048576K
}
Event: 3.924 GC heap after
{Heap after GC invocations=6 (full 0):
 garbage-first heap   total 260096K, used 15319K [0x0000000703200000, 0x0000000800000000)
  region size 1024K, 9 young (9216K), 9 survivors (9216K)
 Metaspace       used 34805K, capacity 35737K, committed 35888K, reserved 1081344K
  class space    used 3982K, capacity 4357K, committed 4480K, reserved 1048576K
}
Event: 6.483 GC heap before
{Heap before GC invocations=7 (full 0):
 garbage-first heap   total 260096K, used 148439K [0x0000000703200000, 0x0000000800000000)
  region size 1024K, 140 young (143360K), 9 survivors (9216K)
 Metaspace       used 58937K, capacity 60151K, committed 60208K, reserved 1101824K
  class space    used 7298K, capacity 7792K, committed 7808K, reserved 1048576K
}
Event: 6.506 GC heap after
{Heap after GC invocations=8 (full 0):
 garbage-first heap   total 260096K, used 22220K [0x0000000703200000, 0x0000000800000000)
  region size 1024K, 15 young (15360K), 15 survivors (15360K)
 Metaspace       used 58937K, capacity 60151K, committed 60208K, reserved 1101824K
  class space    used 7298K, capacity 7792K, committed 7808K, reserved 1048576K
}
Event: 8.357 GC heap before
{Heap before GC invocations=9 (full 0):
 garbage-first heap   total 260096K, used 162508K [0x0000000703200000, 0x0000000800000000)
  region size 1024K, 152 young (155648K), 15 survivors (15360K)
 Metaspace       used 71142K, capacity 73294K, committed 73372K, reserved 1114112K
  class space    used 8875K, capacity 9700K, committed 9708K, reserved 1048576K
}
Event: 8.373 GC heap after
{Heap after GC invocations=10 (full 0):
 garbage-first heap   total 312320K, used 29808K [0x0000000703200000, 0x0000000800000000)
  region size 1024K, 15 young (15360K), 15 survivors (15360K)
 Metaspace       used 71142K, capacity 73294K, committed 73372K, reserved 1114112K
  class space    used 8875K, capacity 9700K, committed 9708K, reserved 1048576K
}

Deoptimization events (20 events):
Event: 122.341 Thread 0x0000029f0af09800 DEOPT PACKING pc=0x0000029f715d89b4 sp=0x000000b28b8fb3f0
Event: 122.342 Thread 0x0000029f0af09800 DEOPT UNPACKING pc=0x0000029f699b85af sp=0x000000b28b8fb398 mode 2
Event: 122.364 Thread 0x0000029f0af09000 Uncommon trap: trap_request=0xffffff4d fr.pc=0x0000029f7171a928 relative=0x00000000000001e8
Event: 122.364 Thread 0x0000029f0af09000 Uncommon trap: reason=unstable_if action=reinterpret pc=0x0000029f7171a928 method=java.util.concurrent.ConcurrentHashMap.addCount(JI)V @ 34 c2
Event: 122.364 Thread 0x0000029f0af09000 DEOPT PACKING pc=0x0000029f7171a928 sp=0x000000b28b7fa1b0
Event: 122.364 Thread 0x0000029f0af09000 DEOPT UNPACKING pc=0x0000029f699b85af sp=0x000000b28b7fa0f0 mode 2
Event: 122.416 Thread 0x0000029f0af09800 Uncommon trap: trap_request=0xffffff4d fr.pc=0x0000029f71825468 relative=0x00000000000000a8
Event: 122.416 Thread 0x0000029f0af09800 Uncommon trap: reason=unstable_if action=reinterpret pc=0x0000029f71825468 method=java.lang.CharacterDataLatin1.isWhitespace(I)Z @ 14 c2
Event: 122.416 Thread 0x0000029f0af09800 DEOPT PACKING pc=0x0000029f71825468 sp=0x000000b28b8f88c0
Event: 122.417 Thread 0x0000029f0af09800 DEOPT UNPACKING pc=0x0000029f699b85af sp=0x000000b28b8f8788 mode 2
Event: 122.417 Thread 0x0000029f0af09800 Uncommon trap: trap_request=0xffffff4d fr.pc=0x0000029f714e28a0 relative=0x0000000000000080
Event: 122.417 Thread 0x0000029f0af09800 Uncommon trap: reason=unstable_if action=reinterpret pc=0x0000029f714e28a0 method=java.lang.CharacterDataLatin1.isWhitespace(I)Z @ 14 c2
Event: 122.417 Thread 0x0000029f0af09800 DEOPT PACKING pc=0x0000029f714e28a0 sp=0x000000b28b8f8830
Event: 122.417 Thread 0x0000029f0af09800 DEOPT UNPACKING pc=0x0000029f699b85af sp=0x000000b28b8f87a0 mode 2
Event: 122.532 Thread 0x0000029f0af09800 Uncommon trap: trap_request=0xfffffff4 fr.pc=0x0000029f717e3f14 relative=0x0000000000000eb4
Event: 122.533 Thread 0x0000029f0af09800 Uncommon trap: reason=null_check action=make_not_entrant pc=0x0000029f717e3f14 method=org.springframework.core.annotation.AnnotationsScanner.isWithoutHierarchy(Ljava/lang/reflect/AnnotatedElement;Lorg/springframework/core/annotation/MergedAnnotations$Sear
Event: 122.533 Thread 0x0000029f0af09800 DEOPT PACKING pc=0x0000029f717e3f14 sp=0x000000b28b8fd3e0
Event: 122.533 Thread 0x0000029f0af09800 DEOPT UNPACKING pc=0x0000029f699b85af sp=0x000000b28b8fd3b0 mode 2
Event: 130.185 Thread 0x0000029f0eda8000 DEOPT PACKING pc=0x0000029f6a251a5a sp=0x000000b28baf9ee0
Event: 130.185 Thread 0x0000029f0eda8000 DEOPT UNPACKING pc=0x0000029f699f9d0e sp=0x000000b28baf9378 mode 0

Classes redefined (0 events):
No events

Internal exceptions (20 events):
Event: 7.727 Thread 0x0000029f5fa8e000 Exception <a 'java/lang/NoSuchMethodError'{0x000000070d4ba7a0}: 'void java.lang.invoke.DirectMethodHandle$Holder.invokeVirtual(java.lang.Object, java.lang.Object, long)'> (0x000000070d4ba7a0) thrown at [./src/hotspot/share/interpreter/linkResolver.cpp, line 773]
Event: 7.819 Thread 0x0000029f5fa8e000 Exception <a 'java/lang/IncompatibleClassChangeError'{0x000000070cf82360}: Found class java.lang.Object, but interface was expected> (0x000000070cf82360) thrown at [./src/hotspot/share/interpreter/linkResolver.cpp, line 839]
Event: 8.006 Thread 0x0000029f5fa8e000 Exception <a 'java/lang/NoSuchMethodError'{0x000000070c3a3490}: 'java.lang.Object java.lang.invoke.DirectMethodHandle$Holder.invokeSpecial(java.lang.Object, java.lang.Object, int, java.lang.Object, int, java.lang.Object)'> (0x000000070c3a3490) thrown at [./src/hotspot/share/interpreter/linkResolver.cpp, line 773]
Event: 8.007 Thread 0x0000029f5fa8e000 Exception <a 'java/lang/NoSuchMethodError'{0x000000070c3aa978}: 'java.lang.Object java.lang.invoke.DirectMethodHandle$Holder.invokeStatic(java.lang.Object, java.lang.Object, int, java.lang.Object, int)'> (0x000000070c3aa978) thrown at [./src/hotspot/share/interpreter/linkResolver.cpp, line 773]
Event: 8.007 Thread 0x0000029f5fa8e000 Exception <a 'java/lang/NoSuchMethodError'{0x000000070c3ae158}: 'java.lang.Object java.lang.invoke.DirectMethodHandle$Holder.invokeSpecial(java.lang.Object, java.lang.Object, java.lang.Object, int, java.lang.Object, int)'> (0x000000070c3ae158) thrown at [./src/hotspot/share/interpreter/linkResolver.cpp, line 773]
Event: 8.008 Thread 0x0000029f5fa8e000 Exception <a 'java/lang/NoSuchMethodError'{0x000000070c3bdc88}: 'void java.lang.invoke.DirectMethodHandle$Holder.invokeVirtual(java.lang.Object, java.lang.Object)'> (0x000000070c3bdc88) thrown at [./src/hotspot/share/interpreter/linkResolver.cpp, line 773]
Event: 8.137 Thread 0x0000029f5fa8e000 Implicit null exception at 0x0000029f71645eec to 0x0000029f71645f94
Event: 8.201 Thread 0x0000029f5fa8e000 Exception <a 'java/lang/NoSuchMethodError'{0x000000070b2702e8}: 'java.lang.Object java.lang.invoke.Invokers$Holder.linkToTargetMethod(java.lang.Object, java.lang.Object, java.lang.Object, java.lang.Object, java.lang.Object, java.lang.Object, java.lang.Object)'> (0x000000070b2702e8) thrown at [./src/hotspot/share/interpreter/linkResolver.cpp, line 773]
Event: 8.317 Thread 0x0000029f5fa8e000 Exception <a 'java/lang/NoSuchMethodError'{0x000000070a932470}: 'java.lang.Object java.lang.invoke.DirectMethodHandle$Holder.invokeStatic(java.lang.Object, java.lang.Object, java.lang.Object, int)'> (0x000000070a932470) thrown at [./src/hotspot/share/interpreter/linkResolver.cpp, line 773]
Event: 8.317 Thread 0x0000029f5fa8e000 Exception <a 'java/lang/NoSuchMethodError'{0x000000070a935e38}: 'java.lang.Object java.lang.invoke.DirectMethodHandle$Holder.invokeSpecial(java.lang.Object, java.lang.Object, java.lang.Object, java.lang.Object, int)'> (0x000000070a935e38) thrown at [./src/hotspot/share/interpreter/linkResolver.cpp, line 773]
Event: 8.318 Thread 0x0000029f5fa8e000 Exception <a 'java/lang/NoSuchMethodError'{0x000000070a938ea0}: 'java.lang.Object java.lang.invoke.Invokers$Holder.linkToTargetMethod(java.lang.Object, java.lang.Object, int, java.lang.Object)'> (0x000000070a938ea0) thrown at [./src/hotspot/share/interpreter/linkResolver.cpp, line 773]
Event: 8.420 Thread 0x0000029f5fa8e000 Implicit null exception at 0x0000029f7179831a to 0x0000029f7179ff50
Event: 67.979 Thread 0x0000029f0af0c000 Exception <a 'java/lang/NoSuchMethodError'{0x0000000713caa478}: 'java.lang.Object java.lang.invoke.DirectMethodHandle$Holder.invokeStaticInit(java.lang.Object, java.lang.Object, java.lang.Object, java.lang.Object, java.lang.Object, java.lang.Object)'> (0x0000000713caa478) thrown at [./src/hotspot/share/interpreter/linkResolver.cpp, line 773]
Event: 122.359 Thread 0x0000029f0af09000 Exception <a 'java/lang/ClassNotFoundException'{0x00000007135e44e8}: java/lang/ObjectCustomizer> (0x00000007135e44e8) thrown at [./src/hotspot/share/classfile/systemDictionary.cpp, line 230]
Event: 122.359 Thread 0x0000029f0af09800 Exception <a 'java/lang/ClassNotFoundException'{0x00000007135a26a0}: java/lang/ObjectCustomizer> (0x00000007135a26a0) thrown at [./src/hotspot/share/classfile/systemDictionary.cpp, line 230]
Event: 122.366 Thread 0x0000029f0af09800 Exception <a 'java/lang/ClassNotFoundException'{0x00000007135b3ed0}: pawpals_db/Sellers/SellerCustomizer> (0x00000007135b3ed0) thrown at [./src/hotspot/share/classfile/systemDictionary.cpp, line 230]
Event: 122.367 Thread 0x0000029f0af09000 Exception <a 'java/lang/ClassNotFoundException'{0x00000007135f5e08}: pawpals_db/Users/BasicUserCustomizer> (0x00000007135f5e08) thrown at [./src/hotspot/share/classfile/systemDictionary.cpp, line 230]
Event: 122.501 Thread 0x0000029f0af09800 Exception <a 'java/lang/ClassNotFoundException'{0x000000071322f788}: java/lang/ObjectCustomizer> (0x000000071322f788) thrown at [./src/hotspot/share/classfile/systemDictionary.cpp, line 230]
Event: 122.505 Thread 0x0000029f0af09800 Exception <a 'java/lang/ClassNotFoundException'{0x00000007132410d0}: pawpals_db/Sitters/SitterCustomizer> (0x00000007132410d0) thrown at [./src/hotspot/share/classfile/systemDictionary.cpp, line 230]
Event: 122.532 Thread 0x0000029f0af09800 Implicit null exception at 0x0000029f717e30d1 to 0x0000029f717e3f00

Events (20 events):
Event: 122.500 loading class java/lang/ObjectCustomizer
Event: 122.500 loading class java/lang/ObjectCustomizer done
Event: 122.501 loading class java/lang/ObjectCustomizer
Event: 122.501 loading class java/lang/ObjectCustomizer done
Event: 122.502 loading class pawpals_db/Sitters/SitterCustomizer
Event: 122.502 loading class pawpals_db/Sitters/SitterCustomizer done
Event: 122.502 loading class pawpals_db/Sitters/SitterCustomizer
Event: 122.502 loading class pawpals_db/Sitters/SitterCustomizer done
Event: 122.505 loading class pawpals_db/Sitters/SitterCustomizer
Event: 122.505 loading class pawpals_db/Sitters/SitterCustomizer done
Event: 122.533 Executing VM operation: BulkRevokeBias
Event: 122.534 Executing VM operation: BulkRevokeBias done
Event: 122.535 Executing VM operation: RevokeBias
Event: 122.535 Executing VM operation: RevokeBias done
Event: 130.167 Executing VM operation: RevokeBias
Event: 130.168 Executing VM operation: RevokeBias done
Event: 130.179 Executing VM operation: RevokeBias
Event: 130.179 Executing VM operation: RevokeBias done
Event: 130.179 Executing VM operation: RevokeBias
Event: 130.179 Executing VM operation: RevokeBias done


Dynamic libraries:
0x00007ff7362e0000 - 0x00007ff7362ed000 	C:\Program Files\Eclipse Adoptium\jdk-11.0.16.101-hotspot\bin\java.exe
0x00007ff960850000 - 0x00007ff960a47000 	C:\Windows\SYSTEM32\ntdll.dll
0x00007ff9602c0000 - 0x00007ff96037d000 	C:\Windows\System32\KERNEL32.DLL
0x00007ff95e150000 - 0x00007ff95e446000 	C:\Windows\System32\KERNELBASE.dll
0x00007ff95df30000 - 0x00007ff95e030000 	C:\Windows\System32\ucrtbase.dll
0x00007ff9562f0000 - 0x00007ff956305000 	C:\Program Files\Eclipse Adoptium\jdk-11.0.16.101-hotspot\bin\VCRUNTIME140.dll
0x00007ff957330000 - 0x00007ff957347000 	C:\Program Files\Eclipse Adoptium\jdk-11.0.16.101-hotspot\bin\jli.dll
0x00007ff95eac0000 - 0x00007ff95ec5e000 	C:\Windows\System32\USER32.dll
0x00007ff95e4c0000 - 0x00007ff95e4e2000 	C:\Windows\System32\win32u.dll
0x00007ff942530000 - 0x00007ff9427ca000 	C:\Windows\WinSxS\amd64_microsoft.windows.common-controls_6595b64144ccf1df_6.0.19041.3570_none_60bb2a3971f3e41a\COMCTL32.dll
0x00007ff95f470000 - 0x00007ff95f49c000 	C:\Windows\System32\GDI32.dll
0x00007ff95f520000 - 0x00007ff95f5be000 	C:\Windows\System32\msvcrt.dll
0x00007ff95e030000 - 0x00007ff95e14a000 	C:\Windows\System32\gdi32full.dll
0x00007ff95e4f0000 - 0x00007ff95e58d000 	C:\Windows\System32\msvcp_win.dll
0x00007ff95f440000 - 0x00007ff95f470000 	C:\Windows\System32\IMM32.DLL
0x00007ff93a9e0000 - 0x00007ff93aa7b000 	C:\Program Files\Eclipse Adoptium\jdk-11.0.16.101-hotspot\bin\msvcp140.dll
0x00007ff8e4e10000 - 0x00007ff8e5992000 	C:\Program Files\Eclipse Adoptium\jdk-11.0.16.101-hotspot\bin\server\jvm.dll
0x00007ff9604b0000 - 0x00007ff96055e000 	C:\Windows\System32\ADVAPI32.dll
0x00007ff95f680000 - 0x00007ff95f71c000 	C:\Windows\System32\sechost.dll
0x00007ff95e8b0000 - 0x00007ff95e9d6000 	C:\Windows\System32\RPCRT4.dll
0x00007ff95fe70000 - 0x00007ff95fe78000 	C:\Windows\System32\PSAPI.DLL
0x00007ff93a970000 - 0x00007ff93a979000 	C:\Windows\SYSTEM32\WSOCK32.dll
0x00007ff960640000 - 0x00007ff9606ab000 	C:\Windows\System32\WS2_32.dll
0x00007ff94b9a0000 - 0x00007ff94b9c7000 	C:\Windows\SYSTEM32\WINMM.dll
0x00007ff95ccc0000 - 0x00007ff95ccca000 	C:\Windows\SYSTEM32\VERSION.dll
0x00007ff95cc70000 - 0x00007ff95cc82000 	C:\Windows\SYSTEM32\kernel.appcore.dll
0x00007ff958fd0000 - 0x00007ff958fe0000 	C:\Program Files\Eclipse Adoptium\jdk-11.0.16.101-hotspot\bin\verify.dll
0x00007ff95b2b0000 - 0x00007ff95b494000 	C:\Windows\SYSTEM32\DBGHELP.DLL
0x00007ff94b8c0000 - 0x00007ff94b8f4000 	C:\Windows\SYSTEM32\dbgcore.DLL
0x00007ff95e7d0000 - 0x00007ff95e852000 	C:\Windows\System32\bcryptPrimitives.dll
0x00007ff93f9b0000 - 0x00007ff93f9d8000 	C:\Program Files\Eclipse Adoptium\jdk-11.0.16.101-hotspot\bin\java.dll
0x00007ff9562a0000 - 0x00007ff9562aa000 	C:\Program Files\Eclipse Adoptium\jdk-11.0.16.101-hotspot\bin\jimage.dll
0x00007ff956290000 - 0x00007ff95629e000 	C:\Program Files\Eclipse Adoptium\jdk-11.0.16.101-hotspot\bin\instrument.dll
0x00007ff956250000 - 0x00007ff956268000 	C:\Program Files\Eclipse Adoptium\jdk-11.0.16.101-hotspot\bin\zip.dll
0x00007ff95ec60000 - 0x00007ff95f3a4000 	C:\Windows\System32\SHELL32.dll
0x00007ff95bdb0000 - 0x00007ff95c54b000 	C:\Windows\SYSTEM32\windows.storage.dll
0x00007ff95fe80000 - 0x00007ff9601d4000 	C:\Windows\System32\combase.dll
0x00007ff95d970000 - 0x00007ff95d99d000 	C:\Windows\SYSTEM32\Wldp.dll
0x00007ff960760000 - 0x00007ff96080d000 	C:\Windows\System32\SHCORE.dll
0x00007ff9605e0000 - 0x00007ff960635000 	C:\Windows\System32\shlwapi.dll
0x00007ff95de60000 - 0x00007ff95de85000 	C:\Windows\SYSTEM32\profapi.dll
0x00007ff945780000 - 0x00007ff945799000 	C:\Program Files\Eclipse Adoptium\jdk-11.0.16.101-hotspot\bin\net.dll
0x00007ff958aa0000 - 0x00007ff958baa000 	C:\Windows\SYSTEM32\WINHTTP.dll
0x00007ff95d6d0000 - 0x00007ff95d73a000 	C:\Windows\system32\mswsock.dll
0x00007ff9421e0000 - 0x00007ff9421f3000 	C:\Program Files\Eclipse Adoptium\jdk-11.0.16.101-hotspot\bin\nio.dll
0x00007ff942170000 - 0x00007ff94218a000 	C:\Program Files\JetBrains\IntelliJ IDEA Community Edition 2023.2.3\bin\breakgen64.dll
0x00007ff93e9f0000 - 0x00007ff93e9f9000 	C:\Program Files\Eclipse Adoptium\jdk-11.0.16.101-hotspot\bin\management.dll
0x00007ff93e9e0000 - 0x00007ff93e9eb000 	C:\Program Files\Eclipse Adoptium\jdk-11.0.16.101-hotspot\bin\management_ext.dll
0x00007ff938340000 - 0x00007ff938357000 	C:\Windows\system32\napinsp.dll
0x00007ff938320000 - 0x00007ff93833b000 	C:\Windows\system32\pnrpnsp.dll
0x00007ff938300000 - 0x00007ff938315000 	C:\Windows\system32\wshbth.dll
0x00007ff958e00000 - 0x00007ff958e1d000 	C:\Windows\system32\NLAapi.dll
0x00007ff95d370000 - 0x00007ff95d3ab000 	C:\Windows\SYSTEM32\IPHLPAPI.DLL
0x00007ff95d3c0000 - 0x00007ff95d48a000 	C:\Windows\SYSTEM32\DNSAPI.dll
0x00007ff960380000 - 0x00007ff960388000 	C:\Windows\System32\NSI.dll
0x00007ff9381a0000 - 0x00007ff9381b2000 	C:\Windows\System32\winrnr.dll
0x00007ff951cd0000 - 0x00007ff951cda000 	C:\Windows\System32\rasadhlp.dll
0x00007ff94c8d0000 - 0x00007ff94c952000 	C:\Windows\System32\fwpuclnt.dll
0x00007ff95e590000 - 0x00007ff95e5b7000 	C:\Windows\System32\bcrypt.dll
0x00007ff95d8c0000 - 0x00007ff95d8d8000 	C:\Windows\SYSTEM32\CRYPTSP.dll
0x00007ff95cf40000 - 0x00007ff95cf74000 	C:\Windows\system32\rsaenh.dll
0x00007ff95dde0000 - 0x00007ff95de0e000 	C:\Windows\SYSTEM32\USERENV.dll
0x00007ff95d8e0000 - 0x00007ff95d8ec000 	C:\Windows\SYSTEM32\CRYPTBASE.dll
0x00007ff956470000 - 0x00007ff956487000 	C:\Windows\SYSTEM32\dhcpcsvc6.DLL
0x00007ff956410000 - 0x00007ff95642d000 	C:\Windows\SYSTEM32\dhcpcsvc.DLL
0x00007ff93e9d0000 - 0x00007ff93e9de000 	C:\Program Files\Eclipse Adoptium\jdk-11.0.16.101-hotspot\bin\sunmscapi.dll
0x00007ff95e5c0000 - 0x00007ff95e71d000 	C:\Windows\System32\CRYPT32.dll
0x00007ff95d9e0000 - 0x00007ff95da07000 	C:\Windows\SYSTEM32\ncrypt.dll
0x00007ff95d9a0000 - 0x00007ff95d9db000 	C:\Windows\SYSTEM32\NTASN1.dll
0x00007ff93a9a0000 - 0x00007ff93a9c5000 	C:\Program Files\Eclipse Adoptium\jdk-11.0.16.101-hotspot\bin\sunec.dll

dbghelp: loaded successfully - version: 4.0.5 - missing functions: none
symbol engine: initialized successfully - sym options: 0x614 - pdb path: .;C:\Program Files\Eclipse Adoptium\jdk-11.0.16.101-hotspot\bin;C:\Windows\SYSTEM32;C:\Windows\WinSxS\amd64_microsoft.windows.common-controls_6595b64144ccf1df_6.0.19041.3570_none_60bb2a3971f3e41a;C:\Program Files\Eclipse Adoptium\jdk-11.0.16.101-hotspot\bin\server;C:\Program Files\JetBrains\IntelliJ IDEA Community Edition 2023.2.3\bin

VM Arguments:
jvm_args: -javaagent:C:\Program Files\JetBrains\IntelliJ IDEA Community Edition 2023.2.3\lib\idea_rt.jar=59023:C:\Program Files\JetBrains\IntelliJ IDEA Community Edition 2023.2.3\bin -Dfile.encoding=UTF-8 
java_command: pawpals_db.Main
java_class_path (initial): C:\Users\alexa\WorkSpace\COMS309\gitlab\ta_124\Backend\PawPals_SQL_DB\target\classes;C:\Users\alexa\.m2\repository\org\springframework\boot\spring-boot-starter\2.4.0\spring-boot-starter-2.4.0.jar;C:\Users\alexa\.m2\repository\org\springframework\boot\spring-boot-starter-logging\2.4.0\spring-boot-starter-logging-2.4.0.jar;C:\Users\alexa\.m2\repository\ch\qos\logback\logback-classic\1.2.3\logback-classic-1.2.3.jar;C:\Users\alexa\.m2\repository\ch\qos\logback\logback-core\1.2.3\logback-core-1.2.3.jar;C:\Users\alexa\.m2\repository\org\apache\logging\log4j\log4j-to-slf4j\2.13.3\log4j-to-slf4j-2.13.3.jar;C:\Users\alexa\.m2\repository\org\apache\logging\log4j\log4j-api\2.13.3\log4j-api-2.13.3.jar;C:\Users\alexa\.m2\repository\org\slf4j\jul-to-slf4j\1.7.30\jul-to-slf4j-1.7.30.jar;C:\Users\alexa\.m2\repository\jakarta\annotation\jakarta.annotation-api\1.3.5\jakarta.annotation-api-1.3.5.jar;C:\Users\alexa\.m2\repository\org\springframework\spring-core\5.3.1\spring-core-5.3.1.jar;C:\Users\alexa\.m2\repository\org\springframework\spring-jcl\5.3.1\spring-jcl-5.3.1.jar;C:\Users\alexa\.m2\repository\org\yaml\snakeyaml\1.27\snakeyaml-1.27.jar;C:\Users\alexa\.m2\repository\com\h2database\h2\1.4.200\h2-1.4.200.jar;C:\Users\alexa\.m2\repository\mysql\mysql-connector-java\8.0.22\mysql-connector-java-8.0.22.jar;C:\Users\alexa\.m2\repository\org\springframework\boot\spring-boot-starter-data-jpa\2.4.0\spring-boot-starter-data-jpa-2.4.0.jar;C:\Users\alexa\.m2\repository\org\springframework\boot\spring-boot-starter-aop\2.4.0\spring-boot-starter-aop-2.4.0.jar;C:\Users\alexa\.m2\repository\org\springframework\spring-aop\5.3.1\spring-aop-5.3.1.jar;C:\Users\alexa\.m2\repository\org\aspectj\aspectjweaver\1.9.6\aspectjweaver-1.9.6.jar;C:\Users\alexa\.m2\repository\org\springframework\boot\spring-boot-starter-jdbc\2.4.0\spring-boot-starter-jdbc-2.4.0.jar;C:\Users\alexa\.m2\repository\com\zaxxer\HikariCP\3.4.5\HikariCP-3.4.5.jar;C:\Users\alexa\.m2\repository\org\springf
Launcher Type: SUN_STANDARD

[Global flags]
     intx CICompilerCount                          = 4                                         {product} {ergonomic}
     uint ConcGCThreads                            = 2                                         {product} {ergonomic}
     uint G1ConcRefinementThreads                  = 8                                         {product} {ergonomic}
   size_t G1HeapRegionSize                         = 1048576                                   {product} {ergonomic}
    uintx GCDrainStackTargetSize                   = 64                                        {product} {ergonomic}
   size_t InitialHeapSize                          = 266338304                                 {product} {ergonomic}
   size_t MarkStackSize                            = 4194304                                   {product} {ergonomic}
   size_t MaxHeapSize                              = 4242538496                                {product} {ergonomic}
   size_t MaxNewSize                               = 2544893952                                {product} {ergonomic}
   size_t MinHeapDeltaBytes                        = 1048576                                   {product} {ergonomic}
    uintx NonNMethodCodeHeapSize                   = 5836300                                {pd product} {ergonomic}
    uintx NonProfiledCodeHeapSize                  = 122910970                              {pd product} {ergonomic}
    uintx ProfiledCodeHeapSize                     = 122910970                              {pd product} {ergonomic}
    uintx ReservedCodeCacheSize                    = 251658240                              {pd product} {ergonomic}
     bool SegmentedCodeCache                       = true                                      {product} {ergonomic}
     bool UseCompressedClassPointers               = true                                 {lp64_product} {ergonomic}
     bool UseCompressedOops                        = true                                 {lp64_product} {ergonomic}
     bool UseG1GC                                  = true                                      {product} {ergonomic}
     bool UseLargePagesIndividualAllocation        = false                                  {pd product} {ergonomic}

Logging:
Log output configuration:
 #0: stdout all=warning uptime,level,tags
 #1: stderr all=off uptime,level,tags

Environment Variables:
PATH=C:\Program Files (x86)\Common Files\Oracle\Java\javapath;C:\Program Files (x86)\Razer\ChromaBroadcast\bin;C:\Program Files\Razer\ChromaBroadcast\bin;C:\Program Files\Eclipse Adoptium\jdk-11.0.16.101-hotspot\bin;C:\Program Files (x86)\VMware\VMware Workstation\bin\;C:\Windows\system32;C:\Windows;C:\Windows\System32\Wbem;C:\Windows\System32\WindowsPowerShell\v1.0\;C:\Windows\System32\OpenSSH\;C:\Program Files (x86)\dotnet\;C:\Windows\system32\config\systemprofile\AppData\Local\Microsoft\WindowsApps;C:\Program Files\PuTTY\;C:\Program Files\Git\cmd;C:\Program Files\MySQL\MySQL Shell 8.0\bin\;C:\Users\alexa\AppData\Local\Microsoft\WindowsApps;;C:\Users\alexa\AppData\Local\Programs\Microsoft VS Code\bin
USERNAME=alexa
OS=Windows_NT
PROCESSOR_IDENTIFIER=Intel64 Family 6 Model 140 Stepping 1, GenuineIntel
TMP=C:\Users\alexa\AppData\Local\Temp
TEMP=C:\Users\alexa\AppData\Local\Temp



---------------  S Y S T E M  ---------------

OS: Windows 10 , 64 bit Build 19041 (10.0.19041.3570)
OS uptime: 11 days 21:54 hours
Hyper-V role detected

CPU:total 8 (initial active 8) (4 cores per cpu, 2 threads per core) family 6 model 140 stepping 1 microcode 0x7e, cmov, cx8, fxsr, mmx, sse, sse2, sse3, ssse3, sse4.1, sse4.2, popcnt, avx, avx2, aes, clmul, erms, 3dnowpref, lzcnt, ht, tsc, tscinvbit, bmi1, bmi2, adx, evex, sha, fma

Memory: 4k page, system-wide physical 16183M (266M free)
TotalPageFile size 65335M (AvailPageFile size 0M)
current process WorkingSet (physical memory assigned to process): 184M, peak: 420M
current process commit charge ("private bytes"): 522M, peak: 568M

vm_info: OpenJDK 64-Bit Server VM (11.0.16.1+1) for windows-amd64 JRE (11.0.16.1+1), built on Aug 16 2022 02:58:04 by "" with MS VC++ 15.9 (VS2017)

END.
